  [1m[35m (170.8ms)[0m  [1m[35mCREATE DATABASE "energia-_dev" ENCODING = 'unicode'[0m
  ↳ bin/rails:9
  [1m[35m (134.6ms)[0m  [1m[35mCREATE DATABASE "e_dev" ENCODING = 'unicode'[0m
  ↳ bin/rails:9
  [1m[35m (146.6ms)[0m  [1m[35mCREATE DATABASE "energia_dev" ENCODING = 'unicode'[0m
  ↳ bin/rails:9
  [1m[35m (0.5ms)[0m  [1m[35mCREATE DATABASE "energia_dev" ENCODING = 'unicode'[0m
  ↳ bin/rails:9
  [1m[35m (0.4ms)[0m  [1m[35mCREATE DATABASE "energia_dev" ENCODING = 'unicode'[0m
  ↳ bin/rails:9
  [1m[35m (161.7ms)[0m  [1m[35mCREATE DATABASE "energia_test" ENCODING = 'unicode'[0m
  ↳ bin/rails:9
Started GET "/" for ::1 at 2020-11-27 22:26:30 -0300
Processing by Rails::WelcomeController#index as HTML
  Rendering /home/cris23/.rvm/gems/ruby-2.6.5/gems/railties-5.2.4.4/lib/rails/templates/rails/welcome/index.html.erb
  Rendered /home/cris23/.rvm/gems/ruby-2.6.5/gems/railties-5.2.4.4/lib/rails/templates/rails/welcome/index.html.erb (3.5ms)
Completed 200 OK in 19ms (Views: 9.2ms | ActiveRecord: 0.0ms)


Started GET "/" for ::1 at 2020-11-27 22:58:58 -0300
  
SyntaxError (/home/cris23/computacion/fluidos/energia-eolica/app/controllers/application_controller.rb:7: else without rescue is useless
        else
        ^~~~
/home/cris23/computacion/fluidos/energia-eolica/app/controllers/application_controller.rb:11: syntax error, unexpected end, expecting end-of-input):
  
app/controllers/application_controller.rb:7: else without rescue is useless
app/controllers/application_controller.rb:11: syntax error, unexpected end, expecting end-of-input
Started GET "/" for ::1 at 2020-11-27 22:59:40 -0300
Processing by ApplicationController#simulation as HTML
Completed 406 Not Acceptable in 20ms (ActiveRecord: 0.0ms)


  
ActionController::UnknownFormat (ApplicationController#simulation is missing a template for this request format and variant.

request.formats: ["text/html"]
request.variant: []

NOTE! For XHR/Ajax or API requests, this action would normally respond with 204 No Content: an empty white screen. Since you're loading it in a web browser, we assume that you expected to actually render a template, not nothing, so we're showing an error to be extra-clear. If you expect 204 No Content, carry on. That's what you'll get from an XHR or API request. Give it a shot.):
  
actionpack (5.2.4.4) lib/action_controller/metal/implicit_render.rb:55:in `default_render'
actionpack (5.2.4.4) lib/action_controller/metal/basic_implicit_render.rb:6:in `block in send_action'
actionpack (5.2.4.4) lib/action_controller/metal/basic_implicit_render.rb:6:in `tap'
actionpack (5.2.4.4) lib/action_controller/metal/basic_implicit_render.rb:6:in `send_action'
actionpack (5.2.4.4) lib/abstract_controller/base.rb:194:in `process_action'
actionpack (5.2.4.4) lib/action_controller/metal/rendering.rb:30:in `process_action'
actionpack (5.2.4.4) lib/abstract_controller/callbacks.rb:42:in `block in process_action'
activesupport (5.2.4.4) lib/active_support/callbacks.rb:132:in `run_callbacks'
actionpack (5.2.4.4) lib/abstract_controller/callbacks.rb:41:in `process_action'
actionpack (5.2.4.4) lib/action_controller/metal/rescue.rb:22:in `process_action'
actionpack (5.2.4.4) lib/action_controller/metal/instrumentation.rb:34:in `block in process_action'
activesupport (5.2.4.4) lib/active_support/notifications.rb:168:in `block in instrument'
activesupport (5.2.4.4) lib/active_support/notifications/instrumenter.rb:23:in `instrument'
activesupport (5.2.4.4) lib/active_support/notifications.rb:168:in `instrument'
actionpack (5.2.4.4) lib/action_controller/metal/instrumentation.rb:32:in `process_action'
actionpack (5.2.4.4) lib/action_controller/metal/params_wrapper.rb:256:in `process_action'
activerecord (5.2.4.4) lib/active_record/railties/controller_runtime.rb:24:in `process_action'
actionpack (5.2.4.4) lib/abstract_controller/base.rb:134:in `process'
actionview (5.2.4.4) lib/action_view/rendering.rb:32:in `process'
actionpack (5.2.4.4) lib/action_controller/metal.rb:191:in `dispatch'
actionpack (5.2.4.4) lib/action_controller/metal.rb:252:in `dispatch'
actionpack (5.2.4.4) lib/action_dispatch/routing/route_set.rb:52:in `dispatch'
actionpack (5.2.4.4) lib/action_dispatch/routing/route_set.rb:34:in `serve'
actionpack (5.2.4.4) lib/action_dispatch/journey/router.rb:52:in `block in serve'
actionpack (5.2.4.4) lib/action_dispatch/journey/router.rb:35:in `each'
actionpack (5.2.4.4) lib/action_dispatch/journey/router.rb:35:in `serve'
actionpack (5.2.4.4) lib/action_dispatch/routing/route_set.rb:840:in `call'
rack (2.2.3) lib/rack/tempfile_reaper.rb:15:in `call'
rack (2.2.3) lib/rack/etag.rb:27:in `call'
rack (2.2.3) lib/rack/conditional_get.rb:27:in `call'
rack (2.2.3) lib/rack/head.rb:12:in `call'
actionpack (5.2.4.4) lib/action_dispatch/http/content_security_policy.rb:18:in `call'
rack (2.2.3) lib/rack/session/abstract/id.rb:266:in `context'
rack (2.2.3) lib/rack/session/abstract/id.rb:260:in `call'
actionpack (5.2.4.4) lib/action_dispatch/middleware/cookies.rb:670:in `call'
activerecord (5.2.4.4) lib/active_record/migration.rb:559:in `call'
actionpack (5.2.4.4) lib/action_dispatch/middleware/callbacks.rb:28:in `block in call'
activesupport (5.2.4.4) lib/active_support/callbacks.rb:98:in `run_callbacks'
actionpack (5.2.4.4) lib/action_dispatch/middleware/callbacks.rb:26:in `call'
actionpack (5.2.4.4) lib/action_dispatch/middleware/executor.rb:14:in `call'
actionpack (5.2.4.4) lib/action_dispatch/middleware/debug_exceptions.rb:61:in `call'
web-console (3.7.0) lib/web_console/middleware.rb:135:in `call_app'
web-console (3.7.0) lib/web_console/middleware.rb:30:in `block in call'
web-console (3.7.0) lib/web_console/middleware.rb:20:in `catch'
web-console (3.7.0) lib/web_console/middleware.rb:20:in `call'
actionpack (5.2.4.4) lib/action_dispatch/middleware/show_exceptions.rb:33:in `call'
railties (5.2.4.4) lib/rails/rack/logger.rb:38:in `call_app'
railties (5.2.4.4) lib/rails/rack/logger.rb:26:in `block in call'
activesupport (5.2.4.4) lib/active_support/tagged_logging.rb:71:in `block in tagged'
activesupport (5.2.4.4) lib/active_support/tagged_logging.rb:28:in `tagged'
activesupport (5.2.4.4) lib/active_support/tagged_logging.rb:71:in `tagged'
railties (5.2.4.4) lib/rails/rack/logger.rb:26:in `call'
sprockets-rails (3.2.2) lib/sprockets/rails/quiet_assets.rb:13:in `call'
actionpack (5.2.4.4) lib/action_dispatch/middleware/remote_ip.rb:81:in `call'
actionpack (5.2.4.4) lib/action_dispatch/middleware/request_id.rb:27:in `call'
rack (2.2.3) lib/rack/method_override.rb:24:in `call'
rack (2.2.3) lib/rack/runtime.rb:22:in `call'
activesupport (5.2.4.4) lib/active_support/cache/strategy/local_cache_middleware.rb:29:in `call'
actionpack (5.2.4.4) lib/action_dispatch/middleware/executor.rb:14:in `call'
actionpack (5.2.4.4) lib/action_dispatch/middleware/static.rb:127:in `call'
rack (2.2.3) lib/rack/sendfile.rb:110:in `call'
railties (5.2.4.4) lib/rails/engine.rb:524:in `call'
puma (3.12.6) lib/puma/configuration.rb:227:in `call'
puma (3.12.6) lib/puma/server.rb:706:in `handle_request'
puma (3.12.6) lib/puma/server.rb:476:in `process_client'
puma (3.12.6) lib/puma/server.rb:334:in `block in run'
puma (3.12.6) lib/puma/thread_pool.rb:135:in `block in spawn_thread'
Started GET "/" for ::1 at 2020-11-27 23:07:15 -0300
Processing by ApplicationController#simulation as HTML
  Rendering application/simulation.html.erb within layouts/application
  Rendered application/simulation.html.erb within layouts/application (0.6ms)
Completed 200 OK in 304ms (Views: 296.0ms | ActiveRecord: 0.0ms)


Started GET "/" for ::1 at 2020-11-27 23:07:28 -0300
Processing by ApplicationController#simulation as HTML
  Rendering application/simulation.html.erb within layouts/application
  Rendered application/simulation.html.erb within layouts/application (1.7ms)
Completed 200 OK in 68ms (Views: 64.9ms | ActiveRecord: 0.0ms)


Started GET "/" for ::1 at 2020-11-29 16:47:06 -0300
Processing by ApplicationController#simulation as HTML
  Rendering application/simulation.html.erb within layouts/application
  Rendered application/simulation.html.erb within layouts/application (0.8ms)
Completed 500 Internal Server Error in 9ms (ActiveRecord: 0.0ms)


  
SyntaxError (/home/cris23/computacion/fluidos/energia-eolica/app/views/application/simulation.html.erb:18: syntax error, unexpected end
...eze;@output_buffer.append=( end );@output_buffer.safe_append...
...                            ^~~
/home/cris23/computacion/fluidos/energia-eolica/app/views/application/simulation.html.erb:26: syntax error, unexpected ensure, expecting ')'
          ensure
          ^~~~~~
/home/cris23/computacion/fluidos/energia-eolica/app/views/application/simulation.html.erb:28: syntax error, unexpected end, expecting ')'
          end
          ^~~):
  
app/views/application/simulation.html.erb:18: syntax error, unexpected end
app/views/application/simulation.html.erb:26: syntax error, unexpected ensure, expecting ')'
app/views/application/simulation.html.erb:28: syntax error, unexpected end, expecting ')'
Started GET "/" for ::1 at 2020-11-29 16:47:53 -0300
Processing by ApplicationController#simulation as HTML
  Rendering application/simulation.html.erb within layouts/application
  Rendered application/simulation.html.erb within layouts/application (3.4ms)
Completed 500 Internal Server Error in 7ms (ActiveRecord: 0.0ms)


  
ActionView::Template::Error (Missing partial application/_coeficientes with {:locale=>[:en], :formats=>[:html], :variants=>[], :handlers=>[:raw, :erb, :html, :builder, :ruby, :coffee, :jbuilder]}. Searched in:
  * "/home/cris23/computacion/fluidos/energia-eolica/app/views"
):
     8:   <body>
     9: 
    10:     <div id="parametros">
    11:       <%= render 'coeficientes', coeficientes: @coeficientes %>
    12:     </div>
    13:     <p>holaaa</p>
    14:     <% form_tag(simulation_path, method: 'GET', remote: true, class: 'form_busqueda') do %>
  
app/views/application/simulation.html.erb:11:in `_app_views_application_simulation_html_erb__3837696116884530028_46924596716160'
Started GET "/" for ::1 at 2020-11-29 16:48:13 -0300
Processing by ApplicationController#simulation as HTML
  Rendering application/simulation.html.erb within layouts/application
  Rendered application/_coeficiente.html.erb (2.0ms)
  Rendered application/simulation.html.erb within layouts/application (3.4ms)
Completed 500 Internal Server Error in 6ms (ActiveRecord: 0.0ms)


  
SyntaxError (/home/cris23/computacion/fluidos/energia-eolica/app/views/application/_coeficiente.html.erb:4: syntax error, unexpected end
...eze;@output_buffer.append=( end );
...                            ^~~
/home/cris23/computacion/fluidos/energia-eolica/app/views/application/_coeficiente.html.erb:6: syntax error, unexpected ensure, expecting ')'
          ensure
          ^~~~~~
/home/cris23/computacion/fluidos/energia-eolica/app/views/application/_coeficiente.html.erb:8: syntax error, unexpected end, expecting ')'
          end
          ^~~):
  
app/views/application/_coeficiente.html.erb:4: syntax error, unexpected end
app/views/application/_coeficiente.html.erb:6: syntax error, unexpected ensure, expecting ')'
app/views/application/_coeficiente.html.erb:8: syntax error, unexpected end, expecting ')'
app/views/application/simulation.html.erb:11:in `_app_views_application_simulation_html_erb__3837696116884530028_46924599717580'
Started GET "/" for ::1 at 2020-11-29 16:48:26 -0300
Processing by ApplicationController#simulation as HTML
  Rendering application/simulation.html.erb within layouts/application
  Rendered application/_coeficiente.html.erb (1.4ms)
  Rendered application/simulation.html.erb within layouts/application (3.3ms)
Completed 500 Internal Server Error in 5ms (ActiveRecord: 0.0ms)


  
ActionView::Template::Error (undefined method `each' for nil:NilClass):
    1: <% @coeficientess.each do |coeficiente| %>
    2: 
    3:     <p><strong>Velocidad:</strong> <%= coeficiente %></p>
    4: <% end %>
  
app/views/application/_coeficiente.html.erb:1:in `_app_views_application__coeficiente_html_erb__3796383710655204650_70003940472380'
app/views/application/simulation.html.erb:11:in `_app_views_application_simulation_html_erb__3837696116884530028_70003940428720'
Started GET "/" for ::1 at 2020-11-29 16:48:34 -0300
Processing by ApplicationController#simulation as HTML
  Rendering application/simulation.html.erb within layouts/application
  Rendered application/_coeficiente.html.erb (0.5ms)
  Rendered application/simulation.html.erb within layouts/application (5.3ms)
Completed 200 OK in 241ms (Views: 239.6ms | ActiveRecord: 0.0ms)


Started GET "/" for ::1 at 2020-11-29 16:50:30 -0300
Processing by ApplicationController#simulation as HTML
  Rendering application/simulation.html.erb within layouts/application
  Rendered application/_coeficiente.html.erb (0.4ms)
  Rendered application/simulation.html.erb within layouts/application (2.0ms)
Completed 200 OK in 20ms (Views: 18.5ms | ActiveRecord: 0.0ms)


Started GET "/?utf8=%E2%9C%93&velocidad=5&commit=Calcular" for ::1 at 2020-11-29 16:50:36 -0300
Processing by ApplicationController#simulation as JS
  Parameters: {"utf8"=>"✓", "velocidad"=>"5", "commit"=>"Calcular"}
  Rendering application/simulation.js.erb
  Rendered application/_coeficiente.html.erb (1.1ms)
  Rendered application/simulation.js.erb (2.4ms)
Completed 200 OK in 6ms (Views: 4.1ms | ActiveRecord: 0.0ms)


Started GET "/?utf8=%E2%9C%93&velocidad=3&commit=Calcular" for ::1 at 2020-11-29 16:50:42 -0300
Processing by ApplicationController#simulation as JS
  Parameters: {"utf8"=>"✓", "velocidad"=>"3", "commit"=>"Calcular"}
  Rendering application/simulation.js.erb
  Rendered application/_coeficiente.html.erb (0.4ms)
  Rendered application/simulation.js.erb (1.5ms)
Completed 200 OK in 5ms (Views: 2.9ms | ActiveRecord: 0.0ms)


Started GET "/?utf8=%E2%9C%93&velocidad=6&commit=Calcular" for ::1 at 2020-11-29 16:50:47 -0300
Processing by ApplicationController#simulation as JS
  Parameters: {"utf8"=>"✓", "velocidad"=>"6", "commit"=>"Calcular"}
  Rendering application/simulation.js.erb
  Rendered application/_coeficiente.html.erb (0.4ms)
  Rendered application/simulation.js.erb (2.2ms)
Completed 200 OK in 6ms (Views: 4.9ms | ActiveRecord: 0.0ms)


Started GET "/" for ::1 at 2020-11-29 17:53:25 -0300
Processing by ApplicationController#simulation as HTML
  Rendering application/simulation.html.erb within layouts/application
  Rendered application/_coeficiente.html.erb (0.4ms)
  Rendered application/simulation.html.erb within layouts/application (2.4ms)
Completed 200 OK in 220ms (Views: 204.8ms | ActiveRecord: 0.0ms)


Started GET "/?utf8=%E2%9C%93&velocidad=3&commit=Calcular" for ::1 at 2020-11-29 17:53:32 -0300
Processing by ApplicationController#simulation as JS
  Parameters: {"utf8"=>"✓", "velocidad"=>"3", "commit"=>"Calcular"}
  Rendering application/simulation.js.erb
  Rendered application/_coeficiente.html.erb (0.3ms)
  Rendered application/simulation.js.erb (1.6ms)
Completed 200 OK in 7ms (Views: 3.7ms | ActiveRecord: 0.0ms)


Started GET "/?utf8=%E2%9C%93&velocidad=17&commit=Calcular" for ::1 at 2020-11-29 17:53:36 -0300
Processing by ApplicationController#simulation as JS
  Parameters: {"utf8"=>"✓", "velocidad"=>"17", "commit"=>"Calcular"}
  Rendering application/simulation.js.erb
  Rendered application/_coeficiente.html.erb (0.4ms)
  Rendered application/simulation.js.erb (1.6ms)
Completed 200 OK in 5ms (Views: 3.2ms | ActiveRecord: 0.0ms)


Started GET "/?utf8=%E2%9C%93&velocidad=aaa&commit=Calcular" for ::1 at 2020-11-29 17:53:43 -0300
Processing by ApplicationController#simulation as JS
  Parameters: {"utf8"=>"✓", "velocidad"=>"aaa", "commit"=>"Calcular"}
  Rendering application/simulation.js.erb
  Rendered application/_coeficiente.html.erb (0.3ms)
  Rendered application/simulation.js.erb (1.2ms)
Completed 200 OK in 4ms (Views: 2.2ms | ActiveRecord: 0.0ms)


Started GET "/?utf8=%E2%9C%93&velocidad=chupame%20el%20pic&commit=Calcular" for ::1 at 2020-11-29 17:53:51 -0300
Processing by ApplicationController#simulation as JS
  Parameters: {"utf8"=>"✓", "velocidad"=>"chupame el pic", "commit"=>"Calcular"}
  Rendering application/simulation.js.erb
  Rendered application/_coeficiente.html.erb (0.6ms)
  Rendered application/simulation.js.erb (1.8ms)
Completed 200 OK in 5ms (Views: 3.1ms | ActiveRecord: 0.0ms)


Started GET "/" for ::1 at 2020-11-29 18:14:00 -0300
Processing by ApplicationController#simulation as HTML
  Rendering application/simulation.html.erb within layouts/application
  Rendered application/_coeficiente.html.erb (0.4ms)
  Rendered application/simulation.html.erb within layouts/application (4.4ms)
Completed 200 OK in 20ms (Views: 18.6ms | ActiveRecord: 0.0ms)


Started GET "/" for ::1 at 2020-11-29 18:15:25 -0300
Processing by ApplicationController#simulation as HTML
  Rendering application/simulation.html.erb within layouts/application
  Rendered application/_coeficiente.html.erb (0.9ms)
  Rendered application/simulation.html.erb within layouts/application (2.7ms)
Completed 200 OK in 19ms (Views: 17.6ms | ActiveRecord: 0.0ms)


Started GET "/" for ::1 at 2020-11-29 18:15:27 -0300
Processing by ApplicationController#simulation as HTML
  Rendering application/simulation.html.erb within layouts/application
  Rendered application/_coeficiente.html.erb (0.3ms)
  Rendered application/simulation.html.erb within layouts/application (1.8ms)
Completed 200 OK in 23ms (Views: 21.5ms | ActiveRecord: 0.0ms)


Started GET "/" for ::1 at 2020-11-29 18:15:39 -0300
Processing by ApplicationController#simulation as HTML
  Rendering application/simulation.html.erb within layouts/application
  Rendered application/_coeficiente.html.erb (0.3ms)
  Rendered application/simulation.html.erb within layouts/application (2.3ms)
Completed 200 OK in 50ms (Views: 48.6ms | ActiveRecord: 0.0ms)


Started GET "/" for ::1 at 2020-11-29 18:16:31 -0300
Processing by ApplicationController#simulation as HTML
  Rendering application/simulation.html.erb within layouts/application
  Rendered application/_coeficiente.html.erb (0.4ms)
  Rendered application/simulation.html.erb within layouts/application (1.8ms)
Completed 200 OK in 20ms (Views: 18.4ms | ActiveRecord: 0.0ms)


Started GET "/" for ::1 at 2020-11-29 18:25:41 -0300
Processing by ApplicationController#simulation as HTML
  Rendering application/simulation.html.erb within layouts/application
  Rendered application/_coeficiente.html.erb (0.6ms)
  Rendered application/simulation.html.erb within layouts/application (2.1ms)
  Rendered layouts/_navbar.html.erb (0.3ms)
Completed 200 OK in 18ms (Views: 17.3ms | ActiveRecord: 0.0ms)


Started GET "/" for ::1 at 2020-11-29 18:28:22 -0300
Processing by ApplicationController#simulation as HTML
  Rendering application/simulation.html.erb within layouts/application
  Rendered application/_coeficiente.html.erb (0.4ms)
  Rendered application/simulation.html.erb within layouts/application (1.7ms)
  Rendered layouts/_navbar.html.erb (0.4ms)
Completed 200 OK in 29ms (Views: 27.8ms | ActiveRecord: 0.0ms)


Started GET "/" for ::1 at 2020-11-29 18:28:30 -0300
Processing by ApplicationController#simulation as HTML
  Rendering application/simulation.html.erb within layouts/application
  Rendered application/_coeficiente.html.erb (0.3ms)
  Rendered application/simulation.html.erb within layouts/application (1.2ms)
  Rendered layouts/_navbar.html.erb (0.3ms)
Completed 200 OK in 22ms (Views: 21.6ms | ActiveRecord: 0.0ms)


Started GET "/" for ::1 at 2020-11-29 18:28:37 -0300
Processing by ApplicationController#simulation as HTML
  Rendering application/simulation.html.erb within layouts/application
  Rendered application/_coeficiente.html.erb (0.4ms)
  Rendered application/simulation.html.erb within layouts/application (3.3ms)
  Rendered layouts/_navbar.html.erb (0.3ms)
Completed 200 OK in 27ms (Views: 25.2ms | ActiveRecord: 0.0ms)


Started GET "/" for ::1 at 2020-11-29 18:31:20 -0300
Processing by ApplicationController#simulation as HTML
  Rendering application/simulation.html.erb within layouts/application
  Rendered application/_coeficiente.html.erb (0.2ms)
  Rendered application/simulation.html.erb within layouts/application (1.5ms)
  Rendered layouts/_navbar.html.erb (0.4ms)
Completed 200 OK in 17ms (Views: 15.7ms | ActiveRecord: 0.0ms)


Started GET "/" for ::1 at 2020-11-29 18:31:37 -0300
Processing by ApplicationController#simulation as HTML
  Rendering application/simulation.html.erb within layouts/application
  Rendered application/_coeficiente.html.erb (0.5ms)
  Rendered application/simulation.html.erb within layouts/application (2.2ms)
  Rendered layouts/_navbar.html.erb (0.3ms)
Completed 200 OK in 24ms (Views: 22.2ms | ActiveRecord: 0.0ms)


Started GET "/" for ::1 at 2020-11-29 18:32:53 -0300
Processing by ApplicationController#simulation as HTML
  Rendering application/simulation.html.erb within layouts/application
  Rendered application/_coeficiente.html.erb (0.4ms)
  Rendered application/simulation.html.erb within layouts/application (1.9ms)
  Rendered layouts/_navbar.html.erb (0.4ms)
Completed 200 OK in 33ms (Views: 32.0ms | ActiveRecord: 0.0ms)


Started GET "/" for ::1 at 2020-11-29 18:36:53 -0300
Processing by ApplicationController#simulation as HTML
  Rendering application/simulation.html.erb within layouts/application
  Rendered application/_coeficiente.html.erb (0.4ms)
  Rendered application/simulation.html.erb within layouts/application (2.2ms)
  Rendered layouts/_navbar.html.erb (0.2ms)
Completed 200 OK in 19ms (Views: 18.2ms | ActiveRecord: 0.0ms)


Started GET "/" for ::1 at 2020-11-29 18:41:42 -0300
Processing by ApplicationController#simulation as HTML
  Rendering application/simulation.html.erb within layouts/application
  Rendered application/_coeficiente.html.erb (0.3ms)
  Rendered application/simulation.html.erb within layouts/application (1.6ms)
  Rendered layouts/_navbar.html.erb (0.5ms)
Completed 200 OK in 20ms (Views: 19.3ms | ActiveRecord: 0.0ms)


Started GET "/" for ::1 at 2020-11-29 18:41:44 -0300
Processing by ApplicationController#simulation as HTML
  Rendering application/simulation.html.erb within layouts/application
  Rendered application/_coeficiente.html.erb (0.3ms)
  Rendered application/simulation.html.erb within layouts/application (1.8ms)
  Rendered layouts/_navbar.html.erb (0.4ms)
Completed 200 OK in 19ms (Views: 16.0ms | ActiveRecord: 0.0ms)


Started GET "/" for ::1 at 2020-11-29 19:13:10 -0300
Processing by ApplicationController#simulation as HTML
  Rendering application/simulation.html.erb within layouts/application
  Rendered application/_coeficiente.html.erb (0.6ms)
  Rendered application/simulation.html.erb within layouts/application (2.4ms)
  Rendered layouts/_navbar.html.erb (0.4ms)
Completed 200 OK in 38ms (Views: 37.3ms | ActiveRecord: 0.0ms)


Started GET "/?utf8=%E2%9C%93&velocidad=62&commit=Calcular" for ::1 at 2020-11-29 19:13:16 -0300
Processing by ApplicationController#simulation as JS
  Parameters: {"utf8"=>"✓", "velocidad"=>"62", "commit"=>"Calcular"}
  Rendering application/simulation.js.erb
  Rendered application/_coeficiente.html.erb (0.5ms)
  Rendered application/simulation.js.erb (1.9ms)
Completed 200 OK in 5ms (Views: 3.6ms | ActiveRecord: 0.0ms)


Started GET "/?utf8=%E2%9C%93&velocidad=24&commit=Calcular" for ::1 at 2020-11-29 19:13:19 -0300
Processing by ApplicationController#simulation as JS
  Parameters: {"utf8"=>"✓", "velocidad"=>"24", "commit"=>"Calcular"}
  Rendering application/simulation.js.erb
  Rendered application/_coeficiente.html.erb (0.9ms)
  Rendered application/simulation.js.erb (4.1ms)
Completed 200 OK in 14ms (Views: 8.1ms | ActiveRecord: 0.0ms)


Started GET "/" for ::1 at 2020-11-29 19:16:48 -0300
Processing by ApplicationController#simulation as HTML
  Rendering application/simulation.html.erb within layouts/application
  Rendered application/_coeficiente.html.erb (0.3ms)
  Rendered application/simulation.html.erb within layouts/application (6.8ms)
  Rendered layouts/_navbar.html.erb (1.2ms)
Completed 200 OK in 25ms (Views: 24.0ms | ActiveRecord: 0.0ms)


Started GET "/?utf8=%E2%9C%93&velocidad=81&commit=Calcular" for ::1 at 2020-11-29 19:16:52 -0300
Processing by ApplicationController#simulation as JS
  Parameters: {"utf8"=>"✓", "velocidad"=>"81", "commit"=>"Calcular"}
  Rendering application/simulation.js.erb
  Rendered application/_coeficiente.html.erb (0.5ms)
  Rendered application/simulation.js.erb (2.3ms)
Completed 200 OK in 6ms (Views: 4.6ms | ActiveRecord: 0.0ms)


Started GET "/?utf8=%E2%9C%93&velocidad=43&commit=Calcular" for ::1 at 2020-11-29 19:16:55 -0300
Processing by ApplicationController#simulation as JS
  Parameters: {"utf8"=>"✓", "velocidad"=>"43", "commit"=>"Calcular"}
  Rendering application/simulation.js.erb
  Rendered application/_coeficiente.html.erb (0.4ms)
  Rendered application/simulation.js.erb (2.8ms)
Completed 200 OK in 6ms (Views: 4.6ms | ActiveRecord: 0.0ms)


Started GET "/?utf8=%E2%9C%93&velocidad=9&commit=Calcular" for ::1 at 2020-11-29 19:17:03 -0300
Processing by ApplicationController#simulation as JS
  Parameters: {"utf8"=>"✓", "velocidad"=>"9", "commit"=>"Calcular"}
  Rendering application/simulation.js.erb
  Rendered application/_coeficiente.html.erb (0.5ms)
  Rendered application/simulation.js.erb (1.8ms)
Completed 200 OK in 5ms (Views: 3.2ms | ActiveRecord: 0.0ms)


Started GET "/?utf8=%E2%9C%93&velocidad=0&commit=Calcular" for ::1 at 2020-11-29 19:17:05 -0300
Processing by ApplicationController#simulation as JS
  Parameters: {"utf8"=>"✓", "velocidad"=>"0", "commit"=>"Calcular"}
  Rendering application/simulation.js.erb
  Rendered application/_coeficiente.html.erb (0.5ms)
  Rendered application/simulation.js.erb (1.7ms)
Completed 200 OK in 5ms (Views: 3.5ms | ActiveRecord: 0.0ms)


Started GET "/?utf8=%E2%9C%93&velocidad=7&commit=Calcular" for ::1 at 2020-11-29 19:17:06 -0300
Processing by ApplicationController#simulation as JS
  Parameters: {"utf8"=>"✓", "velocidad"=>"7", "commit"=>"Calcular"}
  Rendering application/simulation.js.erb
  Rendered application/_coeficiente.html.erb (0.5ms)
  Rendered application/simulation.js.erb (1.9ms)
Completed 200 OK in 5ms (Views: 3.5ms | ActiveRecord: 0.0ms)


Started GET "/?utf8=%E2%9C%93&velocidad=100&commit=Calcular" for ::1 at 2020-11-29 19:17:08 -0300
Processing by ApplicationController#simulation as JS
  Parameters: {"utf8"=>"✓", "velocidad"=>"100", "commit"=>"Calcular"}
  Rendering application/simulation.js.erb
  Rendered application/_coeficiente.html.erb (0.3ms)
  Rendered application/simulation.js.erb (1.2ms)
Completed 200 OK in 3ms (Views: 2.1ms | ActiveRecord: 0.0ms)


Started GET "/" for ::1 at 2020-11-29 19:17:17 -0300
Processing by ApplicationController#simulation as HTML
  Rendering application/simulation.html.erb within layouts/application
  Rendered application/_coeficiente.html.erb (1.1ms)
  Rendered application/simulation.html.erb within layouts/application (3.7ms)
  Rendered layouts/_navbar.html.erb (1.4ms)
Completed 200 OK in 36ms (Views: 35.5ms | ActiveRecord: 0.0ms)


Started GET "/?utf8=%E2%9C%93&velocidad=98&commit=Calcular" for ::1 at 2020-11-29 19:17:20 -0300
Processing by ApplicationController#simulation as JS
  Parameters: {"utf8"=>"✓", "velocidad"=>"98", "commit"=>"Calcular"}
  Rendering application/simulation.js.erb
  Rendered application/_coeficiente.html.erb (0.5ms)
  Rendered application/simulation.js.erb (3.0ms)
Completed 200 OK in 5ms (Views: 4.4ms | ActiveRecord: 0.0ms)


Started GET "/?utf8=%E2%9C%93&velocidad=0&commit=Calcular" for ::1 at 2020-11-29 19:17:23 -0300
Processing by ApplicationController#simulation as JS
  Parameters: {"utf8"=>"✓", "velocidad"=>"0", "commit"=>"Calcular"}
  Rendering application/simulation.js.erb
  Rendered application/_coeficiente.html.erb (0.5ms)
  Rendered application/simulation.js.erb (1.8ms)
Completed 200 OK in 5ms (Views: 3.6ms | ActiveRecord: 0.0ms)


Started GET "/" for ::1 at 2020-11-29 19:19:16 -0300
Processing by ApplicationController#simulation as HTML
  Rendering application/simulation.html.erb within layouts/application
  Rendered application/_coeficiente.html.erb (0.3ms)
  Rendered application/simulation.html.erb within layouts/application (1.3ms)
  Rendered layouts/_navbar.html.erb (0.5ms)
Completed 200 OK in 21ms (Views: 20.4ms | ActiveRecord: 0.0ms)


Started GET "/?utf8=%E2%9C%93&velocidad=67&commit=Calcular" for ::1 at 2020-11-29 19:19:22 -0300
Processing by ApplicationController#simulation as JS
  Parameters: {"utf8"=>"✓", "velocidad"=>"67", "commit"=>"Calcular"}
  Rendering application/simulation.js.erb
  Rendered application/_coeficiente.html.erb (0.5ms)
  Rendered application/simulation.js.erb (2.8ms)
Completed 200 OK in 6ms (Views: 4.6ms | ActiveRecord: 0.0ms)


Started GET "/?utf8=%E2%9C%93&velocidad=79&commit=Calcular" for ::1 at 2020-11-29 19:19:24 -0300
Processing by ApplicationController#simulation as JS
  Parameters: {"utf8"=>"✓", "velocidad"=>"79", "commit"=>"Calcular"}
  Rendering application/simulation.js.erb
  Rendered application/_coeficiente.html.erb (0.5ms)
  Rendered application/simulation.js.erb (2.0ms)
Completed 200 OK in 8ms (Views: 4.6ms | ActiveRecord: 0.0ms)


Started GET "/" for ::1 at 2020-11-29 19:20:34 -0300
Processing by ApplicationController#simulation as HTML
  Rendering application/simulation.html.erb within layouts/application
  Rendered application/_coeficiente.html.erb (0.6ms)
  Rendered application/simulation.html.erb within layouts/application (2.3ms)
  Rendered layouts/_navbar.html.erb (0.5ms)
Completed 200 OK in 19ms (Views: 17.8ms | ActiveRecord: 0.0ms)


Started GET "/?utf8=%E2%9C%93&velocidad=90&commit=Calcular" for ::1 at 2020-11-29 19:20:47 -0300
Processing by ApplicationController#simulation as JS
  Parameters: {"utf8"=>"✓", "velocidad"=>"90", "commit"=>"Calcular"}
  Rendering application/simulation.js.erb
  Rendered application/_coeficiente.html.erb (0.7ms)
  Rendered application/simulation.js.erb (2.5ms)
Completed 200 OK in 8ms (Views: 5.3ms | ActiveRecord: 0.0ms)


Started GET "/" for ::1 at 2020-11-29 19:21:18 -0300
Processing by ApplicationController#simulation as HTML
  Rendering application/simulation.html.erb within layouts/application
  Rendered application/_coeficiente.html.erb (1.0ms)
  Rendered application/simulation.html.erb within layouts/application (2.5ms)
  Rendered layouts/_navbar.html.erb (0.3ms)
Completed 200 OK in 25ms (Views: 23.9ms | ActiveRecord: 0.0ms)


Started GET "/?utf8=%E2%9C%93&velocidad=2&commit=Calcular" for ::1 at 2020-11-29 19:21:36 -0300
Processing by ApplicationController#simulation as JS
  Parameters: {"utf8"=>"✓", "velocidad"=>"2", "commit"=>"Calcular"}
  Rendering application/simulation.js.erb
  Rendered application/_coeficiente.html.erb (0.4ms)
  Rendered application/simulation.js.erb (1.8ms)
Completed 200 OK in 6ms (Views: 3.7ms | ActiveRecord: 0.0ms)


Started GET "/?utf8=%E2%9C%93&velocidad=8&commit=Calcular" for ::1 at 2020-11-29 21:28:31 -0300
Processing by ApplicationController#simulation as JS
  Parameters: {"utf8"=>"✓", "velocidad"=>"8", "commit"=>"Calcular"}
  Rendering application/simulation.js.erb
  Rendered application/_coeficiente.html.erb (0.9ms)
  Rendered application/simulation.js.erb (6.5ms)
Completed 200 OK in 15ms (Views: 11.6ms | ActiveRecord: 0.0ms)


Started GET "/?utf8=%E2%9C%93&velocidad=1&commit=Calcular" for ::1 at 2020-11-29 21:28:35 -0300
Processing by ApplicationController#simulation as JS
  Parameters: {"utf8"=>"✓", "velocidad"=>"1", "commit"=>"Calcular"}
  Rendering application/simulation.js.erb
  Rendered application/_coeficiente.html.erb (0.9ms)
  Rendered application/simulation.js.erb (2.6ms)
Completed 200 OK in 6ms (Views: 4.5ms | ActiveRecord: 0.0ms)


Started GET "/?utf8=%E2%9C%93&velocidad=8&commit=Calcular" for ::1 at 2020-11-29 21:28:38 -0300
Processing by ApplicationController#simulation as JS
  Parameters: {"utf8"=>"✓", "velocidad"=>"8", "commit"=>"Calcular"}
  Rendering application/simulation.js.erb
  Rendered application/_coeficiente.html.erb (0.6ms)
  Rendered application/simulation.js.erb (2.6ms)
Completed 200 OK in 8ms (Views: 5.2ms | ActiveRecord: 0.0ms)


Started GET "/?utf8=%E2%9C%93&velocidad=9&commit=Calcular" for ::1 at 2020-11-29 21:28:52 -0300
Processing by ApplicationController#simulation as JS
  Parameters: {"utf8"=>"✓", "velocidad"=>"9", "commit"=>"Calcular"}
  Rendering application/simulation.js.erb
  Rendered application/_coeficiente.html.erb (0.9ms)
  Rendered application/simulation.js.erb (3.3ms)
Completed 200 OK in 14ms (Views: 12.2ms | ActiveRecord: 0.0ms)


Started GET "/" for ::1 at 2020-11-29 21:29:28 -0300
Processing by ApplicationController#simulation as HTML
  Rendering application/simulation.html.erb within layouts/application
  Rendered application/_coeficiente.html.erb (1.9ms)
  Rendered application/simulation.html.erb within layouts/application (6.3ms)
  Rendered layouts/_navbar.html.erb (0.7ms)
Completed 200 OK in 48ms (Views: 46.1ms | ActiveRecord: 0.0ms)


Started GET "/?utf8=%E2%9C%93&velocidad=33&commit=Calcular" for ::1 at 2020-11-29 21:29:33 -0300
Processing by ApplicationController#simulation as JS
  Parameters: {"utf8"=>"✓", "velocidad"=>"33", "commit"=>"Calcular"}
  Rendering application/simulation.js.erb
  Rendered application/_coeficiente.html.erb (0.6ms)
  Rendered application/simulation.js.erb (10.6ms)
Completed 200 OK in 22ms (Views: 14.9ms | ActiveRecord: 0.0ms)


Started GET "/?utf8=%E2%9C%93&velocidad=25&commit=Calcular" for ::1 at 2020-11-29 21:29:39 -0300
Processing by ApplicationController#simulation as JS
  Parameters: {"utf8"=>"✓", "velocidad"=>"25", "commit"=>"Calcular"}
  Rendering application/simulation.js.erb
  Rendered application/_coeficiente.html.erb (0.6ms)
  Rendered application/simulation.js.erb (2.2ms)
Completed 200 OK in 50ms (Views: 4.7ms | ActiveRecord: 0.0ms)


Started GET "/" for ::1 at 2020-11-29 21:31:03 -0300
Processing by ApplicationController#simulation as HTML
  Rendering application/simulation.html.erb within layouts/application
  Rendered application/_coeficiente.html.erb (0.7ms)
  Rendered application/simulation.html.erb within layouts/application (4.3ms)
  Rendered layouts/_navbar.html.erb (2.0ms)
Completed 200 OK in 55ms (Views: 53.0ms | ActiveRecord: 0.0ms)


Started GET "/?utf8=%E2%9C%93&velocidad=2&commit=Calcular" for ::1 at 2020-11-29 21:31:18 -0300
Processing by ApplicationController#simulation as JS
  Parameters: {"utf8"=>"✓", "velocidad"=>"2", "commit"=>"Calcular"}
  Rendering application/simulation.js.erb
  Rendered application/_coeficiente.html.erb (0.8ms)
  Rendered application/simulation.js.erb (3.0ms)
Completed 200 OK in 20ms (Views: 10.0ms | ActiveRecord: 0.0ms)


Started GET "/?utf8=%E2%9C%93&velocidad=9&commit=Calcular" for ::1 at 2020-11-29 21:33:00 -0300
Processing by ApplicationController#simulation as JS
  Parameters: {"utf8"=>"✓", "velocidad"=>"9", "commit"=>"Calcular"}
  Rendering application/simulation.js.erb
  Rendered application/_coeficiente.html.erb (0.9ms)
  Rendered application/simulation.js.erb (6.3ms)
Completed 200 OK in 23ms (Views: 17.2ms | ActiveRecord: 0.0ms)


Started GET "/?utf8=%E2%9C%93&velocidad=7&commit=Calcular" for ::1 at 2020-11-29 21:33:10 -0300
Processing by ApplicationController#simulation as JS
  Parameters: {"utf8"=>"✓", "velocidad"=>"7", "commit"=>"Calcular"}
  Rendering application/simulation.js.erb
  Rendered application/_coeficiente.html.erb (1.0ms)
  Rendered application/simulation.js.erb (3.2ms)
Completed 200 OK in 9ms (Views: 6.1ms | ActiveRecord: 0.0ms)


Started GET "/?utf8=%E2%9C%93&velocidad=1&commit=Calcular" for ::1 at 2020-11-29 21:33:16 -0300
Processing by ApplicationController#simulation as JS
  Parameters: {"utf8"=>"✓", "velocidad"=>"1", "commit"=>"Calcular"}
  Rendering application/simulation.js.erb
  Rendered application/_coeficiente.html.erb (1.0ms)
  Rendered application/simulation.js.erb (6.6ms)
Completed 200 OK in 13ms (Views: 9.8ms | ActiveRecord: 0.0ms)


Started GET "/" for ::1 at 2020-11-29 21:33:58 -0300
Processing by ApplicationController#simulation as HTML
  Rendering application/simulation.html.erb within layouts/application
  Rendered application/_coeficiente.html.erb (0.4ms)
  Rendered application/simulation.html.erb within layouts/application (5.5ms)
  Rendered layouts/_navbar.html.erb (0.4ms)
Completed 200 OK in 41ms (Views: 39.1ms | ActiveRecord: 0.0ms)


Started GET "/" for ::1 at 2020-11-29 21:34:50 -0300
Processing by ApplicationController#simulation as HTML
  Rendering application/simulation.html.erb within layouts/application
  Rendered application/_coeficiente.html.erb (0.6ms)
  Rendered application/simulation.html.erb within layouts/application (2.5ms)
  Rendered layouts/_navbar.html.erb (0.9ms)
Completed 200 OK in 37ms (Views: 28.0ms | ActiveRecord: 0.0ms)


Started GET "/" for ::1 at 2020-11-29 21:35:02 -0300
Processing by ApplicationController#simulation as HTML
  Rendering application/simulation.html.erb within layouts/application
  Rendered application/_coeficiente.html.erb (0.8ms)
  Rendered application/simulation.html.erb within layouts/application (3.9ms)
  Rendered layouts/_navbar.html.erb (0.7ms)
Completed 200 OK in 40ms (Views: 38.3ms | ActiveRecord: 0.0ms)


Started GET "/" for ::1 at 2020-11-29 21:35:23 -0300
Processing by ApplicationController#simulation as HTML
  Rendering application/simulation.html.erb within layouts/application
  Rendered application/_coeficiente.html.erb (0.9ms)
  Rendered application/simulation.html.erb within layouts/application (11.1ms)
  Rendered layouts/_navbar.html.erb (0.7ms)
Completed 200 OK in 46ms (Views: 44.6ms | ActiveRecord: 0.0ms)


Started GET "/" for ::1 at 2020-11-29 21:36:26 -0300
Processing by ApplicationController#simulation as HTML
  Rendering application/simulation.html.erb within layouts/application
  Rendered application/_coeficiente.html.erb (2.3ms)
  Rendered application/simulation.html.erb within layouts/application (4.3ms)
  Rendered layouts/_navbar.html.erb (1.5ms)
Completed 200 OK in 55ms (Views: 53.1ms | ActiveRecord: 0.0ms)


Started GET "/" for ::1 at 2020-11-29 21:36:29 -0300
Processing by ApplicationController#simulation as HTML
  Rendering application/simulation.html.erb within layouts/application
  Rendered application/_coeficiente.html.erb (5.6ms)
  Rendered application/simulation.html.erb within layouts/application (9.4ms)
  Rendered layouts/_navbar.html.erb (0.6ms)
Completed 200 OK in 85ms (Views: 81.7ms | ActiveRecord: 0.0ms)


Started GET "/" for ::1 at 2020-11-29 21:36:40 -0300
Processing by ApplicationController#simulation as HTML
  Rendering application/simulation.html.erb within layouts/application
  Rendered application/_coeficiente.html.erb (0.8ms)
  Rendered application/simulation.html.erb within layouts/application (3.9ms)
  Rendered layouts/_navbar.html.erb (0.6ms)
Completed 200 OK in 84ms (Views: 81.0ms | ActiveRecord: 0.0ms)


Started GET "/" for ::1 at 2020-11-29 21:36:41 -0300
Processing by ApplicationController#simulation as HTML
  Rendering application/simulation.html.erb within layouts/application
  Rendered application/_coeficiente.html.erb (0.5ms)
  Rendered application/simulation.html.erb within layouts/application (2.5ms)
  Rendered layouts/_navbar.html.erb (1.9ms)
Completed 200 OK in 34ms (Views: 32.1ms | ActiveRecord: 0.0ms)


Started GET "/" for ::1 at 2020-11-29 21:39:38 -0300
Processing by ApplicationController#simulation as HTML
  Rendering application/simulation.html.erb within layouts/application
  Rendered application/_coeficiente.html.erb (4.3ms)
  Rendered application/simulation.html.erb within layouts/application (11.1ms)
  Rendered layouts/_navbar.html.erb (1.4ms)
Completed 200 OK in 82ms (Views: 79.1ms | ActiveRecord: 0.0ms)


Started GET "/" for ::1 at 2020-11-29 21:39:40 -0300
Processing by ApplicationController#simulation as HTML
  Rendering application/simulation.html.erb within layouts/application
  Rendered application/_coeficiente.html.erb (0.9ms)
  Rendered application/simulation.html.erb within layouts/application (3.9ms)
  Rendered layouts/_navbar.html.erb (1.6ms)
Completed 200 OK in 50ms (Views: 47.0ms | ActiveRecord: 0.0ms)


Started GET "/" for ::1 at 2020-11-29 21:40:47 -0300
Processing by ApplicationController#simulation as HTML
  Rendering application/simulation.html.erb within layouts/application
  Rendered application/_coeficiente.html.erb (1.7ms)
  Rendered application/simulation.html.erb within layouts/application (4.5ms)
  Rendered layouts/_navbar.html.erb (0.6ms)
Completed 200 OK in 39ms (Views: 37.6ms | ActiveRecord: 0.0ms)


Started GET "/" for ::1 at 2020-11-29 21:40:51 -0300
Processing by ApplicationController#simulation as HTML
  Rendering application/simulation.html.erb within layouts/application
  Rendered application/_coeficiente.html.erb (1.0ms)
  Rendered application/simulation.html.erb within layouts/application (10.5ms)
  Rendered layouts/_navbar.html.erb (3.7ms)
Completed 200 OK in 50ms (Views: 48.3ms | ActiveRecord: 0.0ms)


Started GET "/" for ::1 at 2020-11-29 21:45:22 -0300
Processing by ApplicationController#simulation as HTML
  Rendering application/simulation.html.erb within layouts/application
  Rendered application/_coeficiente.html.erb (7.1ms)
  Rendered application/simulation.html.erb within layouts/application (11.0ms)
  Rendered layouts/_navbar.html.erb (3.1ms)
Completed 200 OK in 83ms (Views: 80.7ms | ActiveRecord: 0.0ms)


Started GET "/" for ::1 at 2020-11-29 21:45:25 -0300
Processing by ApplicationController#simulation as HTML
  Rendering application/simulation.html.erb within layouts/application
  Rendered application/_coeficiente.html.erb (1.2ms)
  Rendered application/simulation.html.erb within layouts/application (5.5ms)
  Rendered layouts/_navbar.html.erb (0.5ms)
Completed 200 OK in 77ms (Views: 74.2ms | ActiveRecord: 0.0ms)


Started GET "/" for ::1 at 2020-11-29 21:45:55 -0300
Processing by ApplicationController#simulation as HTML
  Rendering application/simulation.html.erb within layouts/application
  Rendered application/_coeficiente.html.erb (0.6ms)
  Rendered application/simulation.html.erb within layouts/application (4.4ms)
  Rendered layouts/_navbar.html.erb (0.6ms)
Completed 200 OK in 39ms (Views: 36.5ms | ActiveRecord: 0.0ms)


Started GET "/" for ::1 at 2020-11-29 21:45:56 -0300
Processing by ApplicationController#simulation as HTML
  Rendering application/simulation.html.erb within layouts/application
  Rendered application/_coeficiente.html.erb (0.9ms)
  Rendered application/simulation.html.erb within layouts/application (4.1ms)
  Rendered layouts/_navbar.html.erb (1.0ms)
Completed 200 OK in 59ms (Views: 56.2ms | ActiveRecord: 0.0ms)


Started GET "/" for ::1 at 2020-11-29 21:51:11 -0300
Processing by ApplicationController#simulation as HTML
  Rendering application/simulation.html.erb within layouts/application
  Rendered application/_coeficiente.html.erb (1.4ms)
  Rendered application/simulation.html.erb within layouts/application (7.5ms)
  Rendered layouts/_navbar.html.erb (1.0ms)
Completed 200 OK in 66ms (Views: 63.5ms | ActiveRecord: 0.0ms)


Started GET "/" for ::1 at 2020-11-29 21:53:14 -0300
Processing by ApplicationController#simulation as HTML
  Rendering application/simulation.html.erb within layouts/application
  Rendered application/_coeficiente.html.erb (0.5ms)
  Rendered application/simulation.html.erb within layouts/application (2.2ms)
  Rendered layouts/_navbar.html.erb (0.6ms)
Completed 200 OK in 32ms (Views: 30.7ms | ActiveRecord: 0.0ms)


Started GET "/" for ::1 at 2020-11-29 21:53:17 -0300
Processing by ApplicationController#simulation as HTML
  Rendering application/simulation.html.erb within layouts/application
  Rendered application/_coeficiente.html.erb (0.6ms)
  Rendered application/simulation.html.erb within layouts/application (5.6ms)
  Rendered layouts/_navbar.html.erb (0.7ms)
Completed 200 OK in 41ms (Views: 39.0ms | ActiveRecord: 0.0ms)


Started GET "/" for ::1 at 2020-11-29 21:55:56 -0300
Processing by ApplicationController#simulation as HTML
  Rendering application/simulation.html.erb within layouts/application
  Rendered application/_coeficiente.html.erb (4.2ms)
  Rendered application/simulation.html.erb within layouts/application (9.6ms)
  Rendered layouts/_navbar.html.erb (1.2ms)
Completed 200 OK in 85ms (Views: 82.9ms | ActiveRecord: 0.0ms)


Started GET "/" for ::1 at 2020-11-29 21:56:10 -0300
Processing by ApplicationController#simulation as HTML
  Rendering application/simulation.html.erb within layouts/application
  Rendered application/_coeficiente.html.erb (3.8ms)
  Rendered application/simulation.html.erb within layouts/application (9.2ms)
  Rendered layouts/_navbar.html.erb (0.6ms)
Completed 200 OK in 123ms (Views: 119.3ms | ActiveRecord: 0.0ms)


Started GET "/" for ::1 at 2020-11-29 22:08:09 -0300
Processing by ApplicationController#simulation as HTML
  Rendering application/simulation.html.erb within layouts/application
  Rendered application/_coeficiente.html.erb (0.4ms)
  Rendered application/simulation.html.erb within layouts/application (2.4ms)
  Rendered layouts/_navbar.html.erb (0.7ms)
Completed 200 OK in 27ms (Views: 25.8ms | ActiveRecord: 0.0ms)


Started GET "/?utf8=%E2%9C%93&velocidad_entrada=7&velocidad_salida=4&presion_entrada=8&presion_salida=7&commit=Calcular" for ::1 at 2020-11-29 22:08:26 -0300
Processing by ApplicationController#simulation as JS
  Parameters: {"utf8"=>"✓", "velocidad_entrada"=>"7", "velocidad_salida"=>"4", "presion_entrada"=>"8", "presion_salida"=>"7", "commit"=>"Calcular"}
  Rendering application/simulation.js.erb
  Rendered application/_coeficiente.html.erb (0.8ms)
  Rendered application/simulation.js.erb (5.1ms)
Completed 200 OK in 12ms (Views: 7.6ms | ActiveRecord: 0.0ms)


Started GET "/?utf8=%E2%9C%93&velocidad_entrada=2&velocidad_salida=4&presion_entrada=8&presion_salida=7&commit=Calcular" for ::1 at 2020-11-29 22:08:41 -0300
Processing by ApplicationController#simulation as JS
  Parameters: {"utf8"=>"✓", "velocidad_entrada"=>"2", "velocidad_salida"=>"4", "presion_entrada"=>"8", "presion_salida"=>"7", "commit"=>"Calcular"}
  Rendering application/simulation.js.erb
  Rendered application/_coeficiente.html.erb (1.0ms)
  Rendered application/simulation.js.erb (3.4ms)
Completed 200 OK in 12ms (Views: 8.7ms | ActiveRecord: 0.0ms)


Started GET "/?utf8=%E2%9C%93&velocidad_entrada=2&velocidad_salida=1&presion_entrada=8&presion_salida=7&commit=Calcular" for ::1 at 2020-11-29 22:08:44 -0300
Processing by ApplicationController#simulation as JS
  Parameters: {"utf8"=>"✓", "velocidad_entrada"=>"2", "velocidad_salida"=>"1", "presion_entrada"=>"8", "presion_salida"=>"7", "commit"=>"Calcular"}
  Rendering application/simulation.js.erb
  Rendered application/_coeficiente.html.erb (1.1ms)
  Rendered application/simulation.js.erb (5.4ms)
Completed 200 OK in 19ms (Views: 14.9ms | ActiveRecord: 0.0ms)


Started GET "/?utf8=%E2%9C%93&velocidad_entrada=2&velocidad_salida=1&presion_entrada=4&presion_salida=7&commit=Calcular" for ::1 at 2020-11-29 22:08:49 -0300
Processing by ApplicationController#simulation as JS
  Parameters: {"utf8"=>"✓", "velocidad_entrada"=>"2", "velocidad_salida"=>"1", "presion_entrada"=>"4", "presion_salida"=>"7", "commit"=>"Calcular"}
  Rendering application/simulation.js.erb
  Rendered application/_coeficiente.html.erb (1.4ms)
  Rendered application/simulation.js.erb (8.3ms)
Completed 200 OK in 16ms (Views: 13.1ms | ActiveRecord: 0.0ms)


Started GET "/?utf8=%E2%9C%93&velocidad_entrada=2&velocidad_salida=1&presion_entrada=9&presion_salida=7&commit=Calcular" for ::1 at 2020-11-29 22:08:55 -0300
Processing by ApplicationController#simulation as JS
  Parameters: {"utf8"=>"✓", "velocidad_entrada"=>"2", "velocidad_salida"=>"1", "presion_entrada"=>"9", "presion_salida"=>"7", "commit"=>"Calcular"}
  Rendering application/simulation.js.erb
  Rendered application/_coeficiente.html.erb (0.9ms)
  Rendered application/simulation.js.erb (3.2ms)
Completed 200 OK in 9ms (Views: 6.3ms | ActiveRecord: 0.0ms)


Started GET "/?utf8=%E2%9C%93&velocidad_entrada=2&velocidad_salida=1&presion_entrada=0&presion_salida=7&commit=Calcular" for ::1 at 2020-11-29 22:08:59 -0300
Processing by ApplicationController#simulation as JS
  Parameters: {"utf8"=>"✓", "velocidad_entrada"=>"2", "velocidad_salida"=>"1", "presion_entrada"=>"0", "presion_salida"=>"7", "commit"=>"Calcular"}
  Rendering application/simulation.js.erb
  Rendered application/_coeficiente.html.erb (1.0ms)
  Rendered application/simulation.js.erb (3.8ms)
Completed 200 OK in 15ms (Views: 7.8ms | ActiveRecord: 0.0ms)


Started GET "/" for ::1 at 2020-12-01 20:23:17 -0300
Processing by ApplicationController#simulation as HTML
  Rendering application/simulation.html.erb within layouts/application
  Rendered application/_coeficiente.html.erb (1.8ms)
  Rendered application/simulation.html.erb within layouts/application (11.2ms)
  Rendered layouts/_navbar.html.erb (0.6ms)
Completed 200 OK in 402ms (Views: 380.6ms | ActiveRecord: 0.0ms)


Started GET "/?utf8=%E2%9C%93&velocidad_entrada=8&velocidad_salida=5&presion_entrada=5&presion_salida=5&commit=Calcular" for ::1 at 2020-12-01 20:23:25 -0300
Processing by ApplicationController#simulation as JS
  Parameters: {"utf8"=>"✓", "velocidad_entrada"=>"8", "velocidad_salida"=>"5", "presion_entrada"=>"5", "presion_salida"=>"5", "commit"=>"Calcular"}
  Rendering application/simulation.js.erb
  Rendered application/_coeficiente.html.erb (1.3ms)
  Rendered application/simulation.js.erb (4.8ms)
Completed 200 OK in 16ms (Views: 10.6ms | ActiveRecord: 0.0ms)


Started GET "/?utf8=%E2%9C%93&velocidad_entrada=3&velocidad_salida=5&presion_entrada=5&presion_salida=5&commit=Calcular" for ::1 at 2020-12-01 20:23:31 -0300
Processing by ApplicationController#simulation as JS
  Parameters: {"utf8"=>"✓", "velocidad_entrada"=>"3", "velocidad_salida"=>"5", "presion_entrada"=>"5", "presion_salida"=>"5", "commit"=>"Calcular"}
  Rendering application/simulation.js.erb
  Rendered application/_coeficiente.html.erb (1.4ms)
  Rendered application/simulation.js.erb (5.3ms)
Completed 200 OK in 16ms (Views: 11.1ms | ActiveRecord: 0.0ms)


Started GET "/?utf8=%E2%9C%93&velocidad_entrada=3&velocidad_salida=5&presion_entrada=5&presion_salida=0&commit=Calcular" for ::1 at 2020-12-01 20:23:44 -0300
Processing by ApplicationController#simulation as JS
  Parameters: {"utf8"=>"✓", "velocidad_entrada"=>"3", "velocidad_salida"=>"5", "presion_entrada"=>"5", "presion_salida"=>"0", "commit"=>"Calcular"}
  Rendering application/simulation.js.erb
  Rendered application/_coeficiente.html.erb (1.3ms)
  Rendered application/simulation.js.erb (5.8ms)
Completed 200 OK in 15ms (Views: 10.2ms | ActiveRecord: 0.0ms)


Started GET "/" for ::1 at 2020-12-01 20:24:25 -0300
Processing by ApplicationController#simulation as HTML
  Rendering application/simulation.html.erb within layouts/application
  Rendered application/_coeficiente.html.erb (1.0ms)
  Rendered application/simulation.html.erb within layouts/application (10.6ms)
  Rendered layouts/_navbar.html.erb (2.5ms)
Completed 200 OK in 79ms (Views: 75.3ms | ActiveRecord: 0.0ms)


Started GET "/" for ::1 at 2020-12-01 20:27:53 -0300
Processing by ApplicationController#simulation as HTML
  Rendering application/simulation.html.erb within layouts/application
  Rendered application/_coeficiente.html.erb (1.4ms)
  Rendered application/simulation.html.erb within layouts/application (7.5ms)
  Rendered layouts/_navbar.html.erb (0.8ms)
Completed 200 OK in 43ms (Views: 40.3ms | ActiveRecord: 0.0ms)


Started GET "/?utf8=%E2%9C%93&velocidad_entrada=5&velocidad_salida=6&presion_entrada=5&presion_salida=5&commit=Calcular" for ::1 at 2020-12-01 20:27:58 -0300
Processing by ApplicationController#simulation as JS
  Parameters: {"utf8"=>"✓", "velocidad_entrada"=>"5", "velocidad_salida"=>"6", "presion_entrada"=>"5", "presion_salida"=>"5", "commit"=>"Calcular"}
  Rendering application/simulation.js.erb
  Rendered application/_coeficiente.html.erb (1.5ms)
  Rendered application/simulation.js.erb (5.9ms)
Completed 200 OK in 19ms (Views: 14.5ms | ActiveRecord: 0.0ms)


Started GET "/?utf8=%E2%9C%93&velocidad_entrada=5&velocidad_salida=6&presion_entrada=5&presion_salida=8&commit=Calcular" for ::1 at 2020-12-01 20:28:05 -0300
Processing by ApplicationController#simulation as JS
  Parameters: {"utf8"=>"✓", "velocidad_entrada"=>"5", "velocidad_salida"=>"6", "presion_entrada"=>"5", "presion_salida"=>"8", "commit"=>"Calcular"}
  Rendering application/simulation.js.erb
  Rendered application/_coeficiente.html.erb (2.6ms)
  Rendered application/simulation.js.erb (8.3ms)
Completed 200 OK in 20ms (Views: 15.4ms | ActiveRecord: 0.0ms)


Started GET "/?utf8=%E2%9C%93&velocidad_entrada=5&velocidad_salida=6&presion_entrada=1&presion_salida=8&commit=Calcular" for ::1 at 2020-12-01 20:28:08 -0300
Processing by ApplicationController#simulation as JS
  Parameters: {"utf8"=>"✓", "velocidad_entrada"=>"5", "velocidad_salida"=>"6", "presion_entrada"=>"1", "presion_salida"=>"8", "commit"=>"Calcular"}
  Rendering application/simulation.js.erb
  Rendered application/_coeficiente.html.erb (1.5ms)
  Rendered application/simulation.js.erb (6.0ms)
Completed 200 OK in 16ms (Views: 11.3ms | ActiveRecord: 0.0ms)


Started GET "/?utf8=%E2%9C%93&velocidad_entrada=5&velocidad_salida=7&presion_entrada=1&presion_salida=8&commit=Calcular" for ::1 at 2020-12-01 20:28:12 -0300
Processing by ApplicationController#simulation as JS
  Parameters: {"utf8"=>"✓", "velocidad_entrada"=>"5", "velocidad_salida"=>"7", "presion_entrada"=>"1", "presion_salida"=>"8", "commit"=>"Calcular"}
  Rendering application/simulation.js.erb
  Rendered application/_coeficiente.html.erb (0.9ms)
  Rendered application/simulation.js.erb (5.5ms)
Completed 200 OK in 13ms (Views: 9.4ms | ActiveRecord: 0.0ms)


Started GET "/" for ::1 at 2020-12-01 20:30:16 -0300
Processing by ApplicationController#simulation as HTML
  Rendering application/simulation.html.erb within layouts/application
  Rendered application/_coeficiente.html.erb (0.4ms)
  Rendered application/simulation.html.erb within layouts/application (2.7ms)
  Rendered layouts/_navbar.html.erb (33.1ms)
Completed 200 OK in 59ms (Views: 57.9ms | ActiveRecord: 0.0ms)


Started GET "/?utf8=%E2%9C%93&velocidad_entrada=6&velocidad_salida=6&presion_entrada=8&presion_salida=2&commit=Calcular" for ::1 at 2020-12-01 20:31:14 -0300
Processing by ApplicationController#simulation as JS
  Parameters: {"utf8"=>"✓", "velocidad_entrada"=>"6", "velocidad_salida"=>"6", "presion_entrada"=>"8", "presion_salida"=>"2", "commit"=>"Calcular"}
  Rendering application/simulation.js.erb
  Rendered application/_coeficiente.html.erb (1.0ms)
  Rendered application/simulation.js.erb (4.4ms)
Completed 200 OK in 11ms (Views: 7.8ms | ActiveRecord: 0.0ms)


Started GET "/?utf8=%E2%9C%93&velocidad_entrada=6&velocidad_salida=6&presion_entrada=5&presion_salida=6&commit=Calcular" for ::1 at 2020-12-01 20:31:21 -0300
Processing by ApplicationController#simulation as JS
  Parameters: {"utf8"=>"✓", "velocidad_entrada"=>"6", "velocidad_salida"=>"6", "presion_entrada"=>"5", "presion_salida"=>"6", "commit"=>"Calcular"}
  Rendering application/simulation.js.erb
  Rendered application/_coeficiente.html.erb (0.9ms)
  Rendered application/simulation.js.erb (5.4ms)
Completed 200 OK in 14ms (Views: 9.7ms | ActiveRecord: 0.0ms)


Started GET "/" for ::1 at 2020-12-01 20:56:50 -0300
Processing by ApplicationController#simulation as HTML
  Rendering application/simulation.html.erb within layouts/application
  Rendered application/_coeficiente.html.erb (1.4ms)
  Rendered application/simulation.html.erb within layouts/application (11.2ms)
  Rendered layouts/_navbar.html.erb (1.5ms)
Completed 200 OK in 62ms (Views: 56.5ms | ActiveRecord: 0.0ms)


Started GET "/" for ::1 at 2020-12-01 20:58:43 -0300
Processing by ApplicationController#simulation as HTML
  Rendering application/simulation.html.erb within layouts/application
  Rendered application/_coeficiente.html.erb (1.0ms)
  Rendered application/simulation.html.erb within layouts/application (5.0ms)
  Rendered layouts/_navbar.html.erb (1.7ms)
Completed 200 OK in 70ms (Views: 66.8ms | ActiveRecord: 0.0ms)


Started GET "/" for ::1 at 2020-12-01 20:58:59 -0300
Processing by ApplicationController#simulation as HTML
  Rendering application/simulation.html.erb within layouts/application
  Rendered application/_coeficiente.html.erb (1.8ms)
  Rendered application/simulation.html.erb within layouts/application (7.3ms)
  Rendered layouts/_navbar.html.erb (2.3ms)
Completed 200 OK in 63ms (Views: 58.9ms | ActiveRecord: 0.0ms)


Started GET "/?utf8=%E2%9C%93&velocidad_entrada=6&velocidad_salida=5&presion_entrada=5&presion_salida=5&commit=Calcular" for ::1 at 2020-12-01 20:59:05 -0300
Processing by ApplicationController#simulation as JS
  Parameters: {"utf8"=>"✓", "velocidad_entrada"=>"6", "velocidad_salida"=>"5", "presion_entrada"=>"5", "presion_salida"=>"5", "commit"=>"Calcular"}
  Rendering application/simulation.js.erb
  Rendered application/_coeficiente.html.erb (1.9ms)
  Rendered application/simulation.js.erb (7.1ms)
Completed 200 OK in 16ms (Views: 12.3ms | ActiveRecord: 0.0ms)


Started GET "/" for ::1 at 2020-12-01 21:00:20 -0300
Processing by ApplicationController#simulation as HTML
  Rendering application/simulation.html.erb within layouts/application
  Rendered application/_coeficiente.html.erb (1.7ms)
  Rendered application/simulation.html.erb within layouts/application (10.8ms)
  Rendered layouts/_navbar.html.erb (1.4ms)
Completed 200 OK in 99ms (Views: 96.0ms | ActiveRecord: 0.0ms)


Started GET "/" for ::1 at 2020-12-01 21:00:22 -0300
Processing by ApplicationController#simulation as HTML
  Rendering application/simulation.html.erb within layouts/application
  Rendered application/_coeficiente.html.erb (1.6ms)
  Rendered application/simulation.html.erb within layouts/application (8.8ms)
  Rendered layouts/_navbar.html.erb (2.0ms)
Completed 200 OK in 69ms (Views: 66.0ms | ActiveRecord: 0.0ms)


Started GET "/" for ::1 at 2020-12-01 21:00:23 -0300
Processing by ApplicationController#simulation as HTML
  Rendering application/simulation.html.erb within layouts/application
  Rendered application/_coeficiente.html.erb (2.2ms)
  Rendered application/simulation.html.erb within layouts/application (7.7ms)
  Rendered layouts/_navbar.html.erb (1.7ms)
Completed 200 OK in 66ms (Views: 62.4ms | ActiveRecord: 0.0ms)


Started GET "/" for ::1 at 2020-12-01 21:00:44 -0300
Processing by ApplicationController#simulation as HTML
  Rendering application/simulation.html.erb within layouts/application
  Rendered application/_coeficiente.html.erb (1.7ms)
  Rendered application/simulation.html.erb within layouts/application (16.3ms)
  Rendered layouts/_navbar.html.erb (0.7ms)
Completed 200 OK in 87ms (Views: 84.1ms | ActiveRecord: 0.0ms)


Started GET "/" for ::1 at 2020-12-01 21:00:50 -0300
Processing by ApplicationController#simulation as HTML
  Rendering application/simulation.html.erb within layouts/application
  Rendered application/_coeficiente.html.erb (4.0ms)
  Rendered application/simulation.html.erb within layouts/application (11.6ms)
  Rendered layouts/_navbar.html.erb (1.0ms)
Completed 200 OK in 112ms (Views: 104.5ms | ActiveRecord: 0.0ms)


Started GET "/" for ::1 at 2020-12-01 21:01:12 -0300
Processing by ApplicationController#simulation as HTML
  Rendering application/simulation.html.erb within layouts/application
  Rendered application/_coeficiente.html.erb (3.1ms)
  Rendered application/simulation.html.erb within layouts/application (9.1ms)
  Rendered layouts/_navbar.html.erb (5.7ms)
Completed 200 OK in 111ms (Views: 106.9ms | ActiveRecord: 0.0ms)


Started GET "/" for ::1 at 2020-12-01 21:02:07 -0300
Processing by ApplicationController#simulation as HTML
  Rendering application/simulation.html.erb within layouts/application
  Rendered application/_coeficiente.html.erb (1.7ms)
  Rendered application/simulation.html.erb within layouts/application (8.8ms)
  Rendered layouts/_navbar.html.erb (1.1ms)
Completed 200 OK in 65ms (Views: 61.1ms | ActiveRecord: 0.0ms)


Started GET "/?utf8=%E2%9C%93&velocidad_entrada=5&velocidad_salida=5&presion_entrada=5&presion_salida=5&commit=Calcular" for ::1 at 2020-12-01 21:02:19 -0300
Processing by ApplicationController#simulation as JS
  Parameters: {"utf8"=>"✓", "velocidad_entrada"=>"5", "velocidad_salida"=>"5", "presion_entrada"=>"5", "presion_salida"=>"5", "commit"=>"Calcular"}
  Rendering application/simulation.js.erb
  Rendered application/_coeficiente.html.erb (1.3ms)
  Rendered application/simulation.js.erb (5.2ms)
Completed 200 OK in 15ms (Views: 10.4ms | ActiveRecord: 0.0ms)


Started GET "/" for ::1 at 2020-12-01 21:02:30 -0300
Processing by ApplicationController#simulation as HTML
  Rendering application/simulation.html.erb within layouts/application
  Rendered application/_coeficiente.html.erb (0.8ms)
  Rendered application/simulation.html.erb within layouts/application (4.2ms)
  Rendered layouts/_navbar.html.erb (0.6ms)
Completed 200 OK in 37ms (Views: 34.9ms | ActiveRecord: 0.0ms)


Started GET "/?utf8=%E2%9C%93&velocidad_entrada=2&velocidad_salida=9&presion_entrada=5&presion_salida=1&commit=Calcular" for ::1 at 2020-12-01 21:03:54 -0300
Processing by ApplicationController#simulation as JS
  Parameters: {"utf8"=>"✓", "velocidad_entrada"=>"2", "velocidad_salida"=>"9", "presion_entrada"=>"5", "presion_salida"=>"1", "commit"=>"Calcular"}
  Rendering application/simulation.js.erb
  Rendered application/_coeficiente.html.erb (1.7ms)
  Rendered application/simulation.js.erb (6.5ms)
Completed 200 OK in 16ms (Views: 12.0ms | ActiveRecord: 0.0ms)


Started GET "/" for ::1 at 2020-12-01 21:05:48 -0300
Processing by ApplicationController#simulation as HTML
  Rendering application/simulation.html.erb within layouts/application
  Rendered application/_coeficiente.html.erb (1.5ms)
  Rendered application/simulation.html.erb within layouts/application (9.5ms)
  Rendered layouts/_navbar.html.erb (1.9ms)
Completed 200 OK in 66ms (Views: 63.2ms | ActiveRecord: 0.0ms)


Started GET "/?utf8=%E2%9C%93&velocidad_entrada=5&velocidad_salida=5&presion_entrada=5&presion_salida=9&commit=Calcular" for ::1 at 2020-12-01 21:05:59 -0300
Processing by ApplicationController#simulation as JS
  Parameters: {"utf8"=>"✓", "velocidad_entrada"=>"5", "velocidad_salida"=>"5", "presion_entrada"=>"5", "presion_salida"=>"9", "commit"=>"Calcular"}
  Rendering application/simulation.js.erb
  Rendered application/_coeficiente.html.erb (1.6ms)
  Rendered application/simulation.js.erb (6.6ms)
Completed 200 OK in 17ms (Views: 12.6ms | ActiveRecord: 0.0ms)


Started GET "/" for ::1 at 2020-12-01 21:09:45 -0300
Processing by ApplicationController#simulation as HTML
  Rendering application/simulation.html.erb within layouts/application
  Rendered application/_coeficiente.html.erb (1.6ms)
  Rendered application/simulation.html.erb within layouts/application (8.2ms)
  Rendered layouts/_navbar.html.erb (0.9ms)
Completed 200 OK in 80ms (Views: 76.3ms | ActiveRecord: 0.0ms)


Started GET "/" for ::1 at 2020-12-01 21:10:02 -0300
Processing by ApplicationController#simulation as HTML
  Rendering application/simulation.html.erb within layouts/application
  Rendered application/_coeficiente.html.erb (1.4ms)
  Rendered application/simulation.html.erb within layouts/application (6.9ms)
  Rendered layouts/_navbar.html.erb (1.6ms)
Completed 200 OK in 65ms (Views: 60.5ms | ActiveRecord: 0.0ms)


Started GET "/" for ::1 at 2020-12-01 21:12:19 -0300
Processing by ApplicationController#simulation as HTML
  Rendering application/simulation.html.erb within layouts/application
  Rendered application/_coeficiente.html.erb (1.7ms)
  Rendered application/simulation.html.erb within layouts/application (7.8ms)
  Rendered layouts/_navbar.html.erb (1.6ms)
Completed 200 OK in 121ms (Views: 116.7ms | ActiveRecord: 0.0ms)


Started GET "/" for ::1 at 2020-12-01 21:12:32 -0300
Processing by ApplicationController#simulation as HTML
  Rendering application/simulation.html.erb within layouts/application
  Rendered application/_coeficiente.html.erb (1.6ms)
  Rendered application/simulation.html.erb within layouts/application (8.0ms)
  Rendered layouts/_navbar.html.erb (2.4ms)
Completed 200 OK in 69ms (Views: 66.6ms | ActiveRecord: 0.0ms)


Started GET "/" for ::1 at 2020-12-01 21:12:48 -0300
Processing by ApplicationController#simulation as HTML
  Rendering application/simulation.html.erb within layouts/application
  Rendered application/_coeficiente.html.erb (1.4ms)
  Rendered application/simulation.html.erb within layouts/application (8.0ms)
  Rendered layouts/_navbar.html.erb (2.4ms)
Completed 200 OK in 70ms (Views: 66.6ms | ActiveRecord: 0.0ms)


Started GET "/?utf8=%E2%9C%93&velocidad_entrada=5&velocidad_salida=5&presion_entrada=7&presion_salida=2&commit=Calcular" for ::1 at 2020-12-01 21:12:55 -0300
Processing by ApplicationController#simulation as JS
  Parameters: {"utf8"=>"✓", "velocidad_entrada"=>"5", "velocidad_salida"=>"5", "presion_entrada"=>"7", "presion_salida"=>"2", "commit"=>"Calcular"}
  Rendering application/simulation.js.erb
  Rendered application/_coeficiente.html.erb (1.7ms)
  Rendered application/simulation.js.erb (6.8ms)
Completed 200 OK in 18ms (Views: 13.1ms | ActiveRecord: 0.0ms)


Started GET "/" for ::1 at 2020-12-01 21:13:31 -0300
Processing by ApplicationController#simulation as HTML
  Rendering application/simulation.html.erb within layouts/application
  Rendered application/_coeficiente.html.erb (0.9ms)
  Rendered application/simulation.html.erb within layouts/application (3.7ms)
  Rendered layouts/_navbar.html.erb (0.7ms)
Completed 200 OK in 38ms (Views: 36.4ms | ActiveRecord: 0.0ms)


Started GET "/" for ::1 at 2020-12-01 21:15:26 -0300
Processing by ApplicationController#simulation as HTML
  Rendering application/simulation.html.erb within layouts/application
  Rendered application/_coeficiente.html.erb (2.2ms)
  Rendered application/simulation.html.erb within layouts/application (8.9ms)
  Rendered layouts/_navbar.html.erb (1.7ms)
Completed 200 OK in 80ms (Views: 76.3ms | ActiveRecord: 0.0ms)


Started GET "/" for ::1 at 2020-12-01 21:16:00 -0300
Processing by ApplicationController#simulation as HTML
  Rendering application/simulation.html.erb within layouts/application
  Rendered application/_coeficiente.html.erb (0.5ms)
  Rendered application/simulation.html.erb within layouts/application (2.5ms)
  Rendered layouts/_navbar.html.erb (0.6ms)
Completed 200 OK in 25ms (Views: 23.1ms | ActiveRecord: 0.0ms)


Started GET "/" for ::1 at 2020-12-01 21:16:11 -0300
Processing by ApplicationController#simulation as HTML
  Rendering application/simulation.html.erb within layouts/application
  Rendered application/_coeficiente.html.erb (1.5ms)
  Rendered application/simulation.html.erb within layouts/application (7.5ms)
  Rendered layouts/_navbar.html.erb (1.5ms)
Completed 200 OK in 73ms (Views: 68.2ms | ActiveRecord: 0.0ms)


Started GET "/?utf8=%E2%9C%93&velocidad_entrada=5&velocidad_salida=5&presion_entrada=8&presion_salida=5&commit=Calcular" for ::1 at 2020-12-01 21:17:02 -0300
Processing by ApplicationController#simulation as JS
  Parameters: {"utf8"=>"✓", "velocidad_entrada"=>"5", "velocidad_salida"=>"5", "presion_entrada"=>"8", "presion_salida"=>"5", "commit"=>"Calcular"}
  Rendering application/simulation.js.erb
  Rendered application/_coeficiente.html.erb (2.5ms)
  Rendered application/simulation.js.erb (4.6ms)
Completed 200 OK in 10ms (Views: 7.2ms | ActiveRecord: 0.0ms)


Started GET "/" for ::1 at 2020-12-01 21:20:09 -0300
Processing by ApplicationController#simulation as HTML
  Rendering application/simulation.html.erb within layouts/application
  Rendered application/_coeficiente.html.erb (1.6ms)
  Rendered application/simulation.html.erb within layouts/application (17.3ms)
  Rendered layouts/_navbar.html.erb (0.9ms)
Completed 200 OK in 119ms (Views: 116.5ms | ActiveRecord: 0.0ms)


Started GET "/" for ::1 at 2020-12-01 21:20:50 -0300
Processing by ApplicationController#simulation as HTML
  Rendering application/simulation.html.erb within layouts/application
  Rendered application/_coeficiente.html.erb (0.8ms)
  Rendered application/simulation.html.erb within layouts/application (4.3ms)
  Rendered layouts/_navbar.html.erb (1.3ms)
Completed 200 OK in 64ms (Views: 60.9ms | ActiveRecord: 0.0ms)


Started GET "/" for ::1 at 2020-12-01 21:21:44 -0300
Processing by ApplicationController#simulation as HTML
  Rendering application/simulation.html.erb within layouts/application
  Rendered application/_coeficiente.html.erb (1.5ms)
  Rendered application/simulation.html.erb within layouts/application (9.9ms)
  Rendered layouts/_navbar.html.erb (0.9ms)
Completed 200 OK in 85ms (Views: 82.0ms | ActiveRecord: 0.0ms)


Started GET "/" for ::1 at 2020-12-01 21:21:47 -0300
Processing by ApplicationController#simulation as HTML
  Rendering application/simulation.html.erb within layouts/application
  Rendered application/_coeficiente.html.erb (1.3ms)
  Rendered application/simulation.html.erb within layouts/application (6.4ms)
  Rendered layouts/_navbar.html.erb (1.8ms)
Completed 200 OK in 64ms (Views: 60.4ms | ActiveRecord: 0.0ms)


Started GET "/" for ::1 at 2020-12-01 21:22:52 -0300
Processing by ApplicationController#simulation as HTML
  Rendering application/simulation.html.erb within layouts/application
  Rendered application/_coeficiente.html.erb (0.3ms)
  Rendered application/simulation.html.erb within layouts/application (2.2ms)
  Rendered layouts/_navbar.html.erb (0.5ms)
Completed 200 OK in 23ms (Views: 21.4ms | ActiveRecord: 0.0ms)


Started GET "/" for ::1 at 2020-12-01 21:22:55 -0300
Processing by ApplicationController#simulation as HTML
  Rendering application/simulation.html.erb within layouts/application
  Rendered application/_coeficiente.html.erb (1.4ms)
  Rendered application/simulation.html.erb within layouts/application (6.5ms)
  Rendered layouts/_navbar.html.erb (1.6ms)
Completed 200 OK in 75ms (Views: 71.2ms | ActiveRecord: 0.0ms)


Started GET "/" for ::1 at 2020-12-01 21:23:10 -0300
Processing by ApplicationController#simulation as HTML
  Rendering application/simulation.html.erb within layouts/application
  Rendered application/_coeficiente.html.erb (1.6ms)
  Rendered application/simulation.html.erb within layouts/application (9.9ms)
  Rendered layouts/_navbar.html.erb (0.8ms)
Completed 200 OK in 79ms (Views: 67.6ms | ActiveRecord: 0.0ms)


Started GET "/" for ::1 at 2020-12-01 21:23:18 -0300
Processing by ApplicationController#simulation as HTML
  Rendering application/simulation.html.erb within layouts/application
  Rendered application/_coeficiente.html.erb (2.6ms)
  Rendered application/simulation.html.erb within layouts/application (8.5ms)
  Rendered layouts/_navbar.html.erb (1.6ms)
Completed 200 OK in 84ms (Views: 80.7ms | ActiveRecord: 0.0ms)


Started GET "/" for ::1 at 2020-12-01 21:24:11 -0300
Processing by ApplicationController#simulation as HTML
  Rendering application/simulation.html.erb within layouts/application
  Rendered application/_coeficiente.html.erb (1.9ms)
  Rendered application/simulation.html.erb within layouts/application (12.8ms)
  Rendered layouts/_navbar.html.erb (0.8ms)
Completed 200 OK in 99ms (Views: 93.2ms | ActiveRecord: 0.0ms)


Started GET "/?utf8=%E2%9C%93&velocidad_entrada=8&velocidad_salida=6&presion_entrada=2&presion_salida=7&commit=Calcular" for ::1 at 2020-12-01 21:27:42 -0300
Processing by ApplicationController#simulation as JS
  Parameters: {"utf8"=>"✓", "velocidad_entrada"=>"8", "velocidad_salida"=>"6", "presion_entrada"=>"2", "presion_salida"=>"7", "commit"=>"Calcular"}
  Rendering application/simulation.js.erb
  Rendered application/_coeficiente.html.erb (2.0ms)
  Rendered application/simulation.js.erb (6.6ms)
Completed 200 OK in 22ms (Views: 15.9ms | ActiveRecord: 0.0ms)


Started GET "/?utf8=%E2%9C%93&velocidad_entrada=8&velocidad_salida=6&presion_entrada=2&presion_salida=7&commit=Calcular" for ::1 at 2020-12-01 21:29:28 -0300
Processing by ApplicationController#simulation as JS
  Parameters: {"utf8"=>"✓", "velocidad_entrada"=>"8", "velocidad_salida"=>"6", "presion_entrada"=>"2", "presion_salida"=>"7", "commit"=>"Calcular"}
  Rendering application/simulation.js.erb
  Rendered application/_coeficiente.html.erb (1.7ms)
  Rendered application/simulation.js.erb (5.9ms)
Completed 200 OK in 18ms (Views: 11.1ms | ActiveRecord: 0.0ms)


Started GET "/componentes" for ::1 at 2020-12-01 21:37:30 -0300
Processing by ApplicationController#componentes as HTML
  Rendering application/componentes.html.erb within layouts/application
  Rendered application/componentes.html.erb within layouts/application (0.4ms)
  Rendered layouts/_navbar.html.erb (0.6ms)
Completed 200 OK in 20ms (Views: 18.6ms | ActiveRecord: 0.0ms)


Started GET "/componentes" for ::1 at 2020-12-01 21:42:27 -0300
Processing by ApplicationController#componentes as HTML
  Rendering application/componentes.html.erb within layouts/application
  Rendered application/componentes.html.erb within layouts/application (1.3ms)
  Rendered layouts/_navbar.html.erb (2.1ms)
Completed 200 OK in 69ms (Views: 64.2ms | ActiveRecord: 0.0ms)


Started GET "/" for ::1 at 2020-12-01 21:42:33 -0300
Processing by ApplicationController#simulation as HTML
  Rendering application/simulation.html.erb within layouts/application
  Rendered application/_coeficiente.html.erb (1.7ms)
  Rendered application/simulation.html.erb within layouts/application (9.0ms)
  Rendered layouts/_navbar.html.erb (2.0ms)
Completed 200 OK in 84ms (Views: 80.3ms | ActiveRecord: 0.0ms)


Started GET "/" for ::1 at 2020-12-01 21:43:16 -0300
Processing by ApplicationController#simulation as HTML
  Rendering application/simulation.html.erb within layouts/application
  Rendered application/_coeficiente.html.erb (1.7ms)
  Rendered application/simulation.html.erb within layouts/application (12.7ms)
  Rendered layouts/_navbar.html.erb (1.2ms)
Completed 200 OK in 63ms (Views: 58.2ms | ActiveRecord: 0.0ms)


Started GET "/componentes" for ::1 at 2020-12-01 21:43:19 -0300
Processing by ApplicationController#componentes as HTML
  Rendering application/componentes.html.erb within layouts/application
  Rendered application/componentes.html.erb within layouts/application (1.2ms)
  Rendered layouts/_navbar.html.erb (2.7ms)
Completed 200 OK in 70ms (Views: 65.4ms | ActiveRecord: 0.0ms)


Started GET "/componentes" for ::1 at 2020-12-01 21:43:23 -0300
Processing by ApplicationController#componentes as HTML
  Rendering application/componentes.html.erb within layouts/application
  Rendered application/componentes.html.erb within layouts/application (1.0ms)
  Rendered layouts/_navbar.html.erb (2.8ms)
Completed 200 OK in 108ms (Views: 105.5ms | ActiveRecord: 0.0ms)


Started GET "/componentes" for ::1 at 2020-12-01 21:43:24 -0300
Processing by ApplicationController#componentes as HTML
  Rendering application/componentes.html.erb within layouts/application
  Rendered application/componentes.html.erb within layouts/application (1.2ms)
  Rendered layouts/_navbar.html.erb (2.8ms)
Completed 200 OK in 71ms (Views: 68.0ms | ActiveRecord: 0.0ms)


Started GET "/" for ::1 at 2020-12-01 21:43:27 -0300
Processing by ApplicationController#simulation as HTML
  Rendering application/simulation.html.erb within layouts/application
  Rendered application/_coeficiente.html.erb (1.7ms)
  Rendered application/simulation.html.erb within layouts/application (10.4ms)
  Rendered layouts/_navbar.html.erb (2.6ms)
Completed 200 OK in 79ms (Views: 75.5ms | ActiveRecord: 0.0ms)


Started GET "/componentes" for ::1 at 2020-12-01 21:43:30 -0300
Processing by ApplicationController#componentes as HTML
  Rendering application/componentes.html.erb within layouts/application
  Rendered application/componentes.html.erb within layouts/application (1.1ms)
  Rendered layouts/_navbar.html.erb (6.3ms)
Completed 200 OK in 75ms (Views: 72.7ms | ActiveRecord: 0.0ms)


Started GET "/" for ::1 at 2020-12-01 21:43:33 -0300
Processing by ApplicationController#simulation as HTML
  Rendering application/simulation.html.erb within layouts/application
  Rendered application/_coeficiente.html.erb (1.9ms)
  Rendered application/simulation.html.erb within layouts/application (13.8ms)
  Rendered layouts/_navbar.html.erb (3.4ms)
Completed 200 OK in 86ms (Views: 82.1ms | ActiveRecord: 0.0ms)


Started GET "/componentes" for ::1 at 2020-12-01 21:43:39 -0300
Processing by ApplicationController#componentes as HTML
  Rendering application/componentes.html.erb within layouts/application
  Rendered application/componentes.html.erb within layouts/application (1.1ms)
  Rendered layouts/_navbar.html.erb (2.6ms)
Completed 200 OK in 65ms (Views: 61.7ms | ActiveRecord: 0.0ms)


Started GET "/" for ::1 at 2020-12-01 21:43:41 -0300
Processing by ApplicationController#simulation as HTML
  Rendering application/simulation.html.erb within layouts/application
  Rendered application/_coeficiente.html.erb (1.9ms)
  Rendered application/simulation.html.erb within layouts/application (9.7ms)
  Rendered layouts/_navbar.html.erb (1.8ms)
Completed 200 OK in 90ms (Views: 86.0ms | ActiveRecord: 0.0ms)


Started GET "/componentes" for ::1 at 2020-12-01 21:43:54 -0300
Processing by ApplicationController#componentes as HTML
  Rendering application/componentes.html.erb within layouts/application
  Rendered application/componentes.html.erb within layouts/application (1.0ms)
  Rendered layouts/_navbar.html.erb (1.1ms)
Completed 200 OK in 63ms (Views: 60.2ms | ActiveRecord: 0.0ms)


Started GET "/componentes" for ::1 at 2020-12-01 21:44:29 -0300
Processing by ApplicationController#componentes as HTML
  Rendering application/componentes.html.erb within layouts/application
  Rendered application/componentes.html.erb within layouts/application (1.2ms)
  Rendered layouts/_navbar.html.erb (2.3ms)
Completed 200 OK in 76ms (Views: 72.4ms | ActiveRecord: 0.0ms)


Started GET "/componentes" for ::1 at 2020-12-01 21:45:45 -0300
Processing by ApplicationController#componentes as HTML
  Rendering application/componentes.html.erb within layouts/application
  Rendered application/componentes.html.erb within layouts/application (1.4ms)
  Rendered layouts/_navbar.html.erb (1.8ms)
Completed 200 OK in 55ms (Views: 51.9ms | ActiveRecord: 0.0ms)


Started GET "/componentes" for ::1 at 2020-12-01 21:46:16 -0300
Processing by ApplicationController#componentes as HTML
  Rendering application/componentes.html.erb within layouts/application
  Rendered application/componentes.html.erb within layouts/application (1.0ms)
  Rendered layouts/_navbar.html.erb (2.4ms)
Completed 200 OK in 76ms (Views: 72.4ms | ActiveRecord: 0.0ms)


Started GET "/componentes" for ::1 at 2020-12-01 21:46:38 -0300
Processing by ApplicationController#componentes as HTML
  Rendering application/componentes.html.erb within layouts/application
  Rendered application/componentes.html.erb within layouts/application (1.2ms)
  Rendered layouts/_navbar.html.erb (2.1ms)
Completed 200 OK in 84ms (Views: 81.3ms | ActiveRecord: 0.0ms)


Started GET "/" for ::1 at 2020-12-01 21:46:44 -0300
Processing by ApplicationController#simulation as HTML
  Rendering application/simulation.html.erb within layouts/application
  Rendered application/_coeficiente.html.erb (6.2ms)
  Rendered application/simulation.html.erb within layouts/application (14.1ms)
  Rendered layouts/_navbar.html.erb (1.5ms)
Completed 200 OK in 79ms (Views: 75.5ms | ActiveRecord: 0.0ms)


Started GET "/componentes" for ::1 at 2020-12-01 21:46:46 -0300
Processing by ApplicationController#componentes as HTML
  Rendering application/componentes.html.erb within layouts/application
  Rendered application/componentes.html.erb within layouts/application (1.0ms)
  Rendered layouts/_navbar.html.erb (1.5ms)
Completed 200 OK in 41ms (Views: 36.9ms | ActiveRecord: 0.0ms)


Started GET "/componentes" for ::1 at 2020-12-01 21:46:51 -0300
Processing by ApplicationController#componentes as HTML
  Rendering application/componentes.html.erb within layouts/application
  Rendered application/componentes.html.erb within layouts/application (1.1ms)
  Rendered layouts/_navbar.html.erb (2.4ms)
Completed 200 OK in 65ms (Views: 62.0ms | ActiveRecord: 0.0ms)


Started GET "/energia_renovable" for ::1 at 2020-12-01 21:51:52 -0300
Processing by ApplicationController#energia_renovable as HTML
  Rendering application/energia_renovable.html.erb within layouts/application
  Rendered application/energia_renovable.html.erb within layouts/application (1.1ms)
  Rendered layouts/_navbar.html.erb (2.3ms)
Completed 200 OK in 96ms (Views: 92.2ms | ActiveRecord: 0.0ms)


Started GET "/energia_renovable" for ::1 at 2020-12-01 21:53:18 -0300
Processing by ApplicationController#energia_renovable as HTML
  Rendering application/energia_renovable.html.erb within layouts/application
  Rendered application/energia_renovable.html.erb within layouts/application (1.0ms)
  Rendered layouts/_navbar.html.erb (1.4ms)
Completed 200 OK in 58ms (Views: 54.7ms | ActiveRecord: 0.0ms)


Started GET "/" for ::1 at 2020-12-01 21:53:20 -0300
Processing by ApplicationController#simulation as HTML
  Rendering application/simulation.html.erb within layouts/application
  Rendered application/_coeficiente.html.erb (1.5ms)
  Rendered application/simulation.html.erb within layouts/application (7.1ms)
  Rendered layouts/_navbar.html.erb (2.7ms)
Completed 200 OK in 62ms (Views: 58.7ms | ActiveRecord: 0.0ms)


Started GET "/energia_renovable" for ::1 at 2020-12-01 21:53:22 -0300
Processing by ApplicationController#energia_renovable as HTML
  Rendering application/energia_renovable.html.erb within layouts/application
  Rendered application/energia_renovable.html.erb within layouts/application (1.0ms)
  Rendered layouts/_navbar.html.erb (3.0ms)
Completed 200 OK in 61ms (Views: 55.6ms | ActiveRecord: 0.0ms)


Started GET "/componentes" for ::1 at 2020-12-01 21:53:23 -0300
Processing by ApplicationController#componentes as HTML
  Rendering application/componentes.html.erb within layouts/application
  Rendered application/componentes.html.erb within layouts/application (1.1ms)
  Rendered layouts/_navbar.html.erb (3.1ms)
Completed 200 OK in 56ms (Views: 52.9ms | ActiveRecord: 0.0ms)


Started GET "/" for ::1 at 2020-12-01 21:53:25 -0300
Processing by ApplicationController#simulation as HTML
  Rendering application/simulation.html.erb within layouts/application
  Rendered application/_coeficiente.html.erb (1.5ms)
  Rendered application/simulation.html.erb within layouts/application (16.8ms)
  Rendered layouts/_navbar.html.erb (5.6ms)
Completed 200 OK in 74ms (Views: 71.1ms | ActiveRecord: 0.0ms)


Started GET "/energia_renovable" for ::1 at 2020-12-01 21:53:26 -0300
Processing by ApplicationController#energia_renovable as HTML
  Rendering application/energia_renovable.html.erb within layouts/application
  Rendered application/energia_renovable.html.erb within layouts/application (1.3ms)
  Rendered layouts/_navbar.html.erb (2.4ms)
Completed 200 OK in 65ms (Views: 62.3ms | ActiveRecord: 0.0ms)


Started GET "/componentes" for ::1 at 2020-12-01 21:53:32 -0300
Processing by ApplicationController#componentes as HTML
  Rendering application/componentes.html.erb within layouts/application
  Rendered application/componentes.html.erb within layouts/application (0.6ms)
  Rendered layouts/_navbar.html.erb (1.2ms)
Completed 200 OK in 34ms (Views: 31.8ms | ActiveRecord: 0.0ms)


Started GET "/" for ::1 at 2020-12-01 21:53:39 -0300
Processing by ApplicationController#simulation as HTML
  Rendering application/simulation.html.erb within layouts/application
  Rendered application/_coeficiente.html.erb (1.6ms)
  Rendered application/simulation.html.erb within layouts/application (10.3ms)
  Rendered layouts/_navbar.html.erb (3.3ms)
Completed 200 OK in 141ms (Views: 137.7ms | ActiveRecord: 0.0ms)


Started GET "/energia_renovable" for ::1 at 2020-12-01 21:57:01 -0300
Processing by ApplicationController#energia_renovable as HTML
  Rendering application/energia_renovable.html.erb within layouts/application
  Rendered application/energia_renovable.html.erb within layouts/application (2.4ms)
  Rendered layouts/_navbar.html.erb (3.4ms)
Completed 200 OK in 71ms (Views: 68.4ms | ActiveRecord: 0.0ms)


Started GET "/energia_renovable" for ::1 at 2020-12-01 22:02:17 -0300
Processing by ApplicationController#energia_renovable as HTML
  Rendering application/energia_renovable.html.erb within layouts/application
  Rendered application/energia_renovable.html.erb within layouts/application (1.1ms)
  Rendered layouts/_navbar.html.erb (3.5ms)
Completed 200 OK in 85ms (Views: 81.1ms | ActiveRecord: 0.0ms)


Started GET "/energia_renovable" for ::1 at 2020-12-01 22:02:28 -0300
Processing by ApplicationController#energia_renovable as HTML
  Rendering application/energia_renovable.html.erb within layouts/application
  Rendered application/energia_renovable.html.erb within layouts/application (1.2ms)
  Rendered layouts/_navbar.html.erb (2.0ms)
Completed 200 OK in 67ms (Views: 63.5ms | ActiveRecord: 0.0ms)


Started GET "/energia_renovable" for ::1 at 2020-12-01 22:02:29 -0300
Processing by ApplicationController#energia_renovable as HTML
  Rendering application/energia_renovable.html.erb within layouts/application
  Rendered application/energia_renovable.html.erb within layouts/application (1.0ms)
  Rendered layouts/_navbar.html.erb (2.1ms)
Completed 200 OK in 53ms (Views: 50.0ms | ActiveRecord: 0.0ms)


Started GET "/energia_renovable" for ::1 at 2020-12-01 22:02:40 -0300
Processing by ApplicationController#energia_renovable as HTML
  Rendering application/energia_renovable.html.erb within layouts/application
  Rendered application/energia_renovable.html.erb within layouts/application (2.4ms)
  Rendered layouts/_navbar.html.erb (1.3ms)
Completed 200 OK in 75ms (Views: 72.1ms | ActiveRecord: 0.0ms)


Started GET "/energia_renovable" for ::1 at 2020-12-01 22:02:41 -0300
Processing by ApplicationController#energia_renovable as HTML
  Rendering application/energia_renovable.html.erb within layouts/application
  Rendered application/energia_renovable.html.erb within layouts/application (1.2ms)
  Rendered layouts/_navbar.html.erb (3.5ms)
Completed 200 OK in 76ms (Views: 73.7ms | ActiveRecord: 0.0ms)


Started GET "/energia_renovable" for ::1 at 2020-12-01 22:03:10 -0300
Processing by ApplicationController#energia_renovable as HTML
  Rendering application/energia_renovable.html.erb within layouts/application
  Rendered application/energia_renovable.html.erb within layouts/application (1.1ms)
  Rendered layouts/_navbar.html.erb (2.6ms)
Completed 200 OK in 107ms (Views: 103.9ms | ActiveRecord: 0.0ms)


Started GET "/energia_renovable" for ::1 at 2020-12-01 22:03:20 -0300
Processing by ApplicationController#energia_renovable as HTML
  Rendering application/energia_renovable.html.erb within layouts/application
  Rendered application/energia_renovable.html.erb within layouts/application (1.0ms)
  Rendered layouts/_navbar.html.erb (3.5ms)
Completed 200 OK in 78ms (Views: 74.5ms | ActiveRecord: 0.0ms)


Started GET "/energia_renovable" for ::1 at 2020-12-01 22:03:35 -0300
Processing by ApplicationController#energia_renovable as HTML
  Rendering application/energia_renovable.html.erb within layouts/application
  Rendered application/energia_renovable.html.erb within layouts/application (1.5ms)
  Rendered layouts/_navbar.html.erb (3.4ms)
Completed 200 OK in 76ms (Views: 69.2ms | ActiveRecord: 0.0ms)


Started GET "/energia_renovable" for ::1 at 2020-12-01 22:04:33 -0300
Processing by ApplicationController#energia_renovable as HTML
  Rendering application/energia_renovable.html.erb within layouts/application
  Rendered application/energia_renovable.html.erb within layouts/application (1.1ms)
  Rendered layouts/_navbar.html.erb (2.6ms)
Completed 200 OK in 60ms (Views: 57.8ms | ActiveRecord: 0.0ms)


Started GET "/energia_renovable" for ::1 at 2020-12-01 22:05:27 -0300
Processing by ApplicationController#energia_renovable as HTML
  Rendering application/energia_renovable.html.erb within layouts/application
  Rendered application/energia_renovable.html.erb within layouts/application (0.9ms)
  Rendered layouts/_navbar.html.erb (1.1ms)
Completed 200 OK in 67ms (Views: 64.6ms | ActiveRecord: 0.0ms)


Started GET "/energia_renovable" for ::1 at 2020-12-01 22:06:15 -0300
Processing by ApplicationController#energia_renovable as HTML
  Rendering application/energia_renovable.html.erb within layouts/application
  Rendered application/energia_renovable.html.erb within layouts/application (1.6ms)
  Rendered layouts/_navbar.html.erb (2.9ms)
Completed 200 OK in 85ms (Views: 80.9ms | ActiveRecord: 0.0ms)


Started GET "/energia_renovable" for ::1 at 2020-12-01 22:06:26 -0300
Processing by ApplicationController#energia_renovable as HTML
  Rendering application/energia_renovable.html.erb within layouts/application
  Rendered application/energia_renovable.html.erb within layouts/application (1.0ms)
  Rendered layouts/_navbar.html.erb (1.5ms)
Completed 200 OK in 101ms (Views: 98.6ms | ActiveRecord: 0.0ms)


Started GET "/energia_renovable" for ::1 at 2020-12-01 22:06:47 -0300
Processing by ApplicationController#energia_renovable as HTML
  Rendering application/energia_renovable.html.erb within layouts/application
  Rendered application/energia_renovable.html.erb within layouts/application (0.6ms)
  Rendered layouts/_navbar.html.erb (1.6ms)
Completed 200 OK in 31ms (Views: 29.1ms | ActiveRecord: 0.0ms)


Started GET "/componentes" for ::1 at 2020-12-01 22:06:57 -0300
Processing by ApplicationController#componentes as HTML
  Rendering application/componentes.html.erb within layouts/application
  Rendered application/componentes.html.erb within layouts/application (0.9ms)
  Rendered layouts/_navbar.html.erb (2.0ms)
Completed 200 OK in 39ms (Views: 37.6ms | ActiveRecord: 0.0ms)


Started GET "/" for ::1 at 2020-12-01 22:07:02 -0300
Processing by ApplicationController#simulation as HTML
  Rendering application/simulation.html.erb within layouts/application
  Rendered application/_coeficiente.html.erb (1.4ms)
  Rendered application/simulation.html.erb within layouts/application (6.4ms)
  Rendered layouts/_navbar.html.erb (2.6ms)
Completed 200 OK in 60ms (Views: 57.4ms | ActiveRecord: 0.0ms)


